{"/home/travis/build/npmtest/node-npmtest-juice/test.js":{"path":"/home/travis/build/npmtest/node-npmtest-juice/test.js","s":{"1":2,"2":2,"3":2,"4":2,"5":2,"6":2,"7":2,"8":1,"9":2,"10":2,"11":1,"12":1,"13":1,"14":1,"15":2,"16":2,"17":2,"18":2,"19":1,"20":1,"21":2,"22":2,"23":2,"24":1,"25":1,"26":1,"27":1,"28":1,"29":1,"30":1,"31":1,"32":1,"33":1,"34":1,"35":1,"36":1,"37":1,"38":1,"39":2,"40":2,"41":1,"42":2,"43":2,"44":1,"45":2,"46":2,"47":1,"48":2,"49":2,"50":1,"51":1,"52":1,"53":1,"54":1},"b":{"1":[2,1,1,1],"2":[1,1,1,1],"3":[1,1],"4":[1,1],"5":[1,1],"6":[1,1],"7":[1,1],"8":[1,1],"9":[1,1],"10":[1,1,1],"11":[1,1],"12":[1,1],"13":[1,1],"14":[1,1],"15":[1,1],"16":[1,1],"17":[1,1]},"f":{"1":2,"2":2,"3":2,"4":2,"5":2,"6":1,"7":1,"8":1,"9":2,"10":2,"11":2,"12":2,"13":1},"fnMap":{"1":{"name":"(anonymous_1)","line":12,"loc":{"start":{"line":12,"column":1},"end":{"line":12,"column":13}}},"2":{"name":"(anonymous_2)","line":19,"loc":{"start":{"line":19,"column":5},"end":{"line":19,"column":17}}},"3":{"name":"(anonymous_3)","line":23,"loc":{"start":{"line":23,"column":24},"end":{"line":23,"column":36}}},"4":{"name":"(anonymous_4)","line":61,"loc":{"start":{"line":61,"column":5},"end":{"line":61,"column":17}}},"5":{"name":"(anonymous_5)","line":82,"loc":{"start":{"line":82,"column":5},"end":{"line":82,"column":17}}},"6":{"name":"(anonymous_6)","line":91,"loc":{"start":{"line":91,"column":77},"end":{"line":94,"column":10}}},"7":{"name":"(anonymous_7)","line":112,"loc":{"start":{"line":112,"column":83},"end":{"line":115,"column":10}},"skip":true},"8":{"name":"(anonymous_8)","line":123,"loc":{"start":{"line":123,"column":77},"end":{"line":126,"column":10}},"skip":true},"9":{"name":"(anonymous_9)","line":139,"loc":{"start":{"line":139,"column":12},"end":{"line":139,"column":40}},"skip":true},"10":{"name":"(anonymous_10)","line":147,"loc":{"start":{"line":147,"column":77},"end":{"line":150,"column":10}},"skip":true},"11":{"name":"(anonymous_11)","line":158,"loc":{"start":{"line":158,"column":83},"end":{"line":161,"column":10}},"skip":true},"12":{"name":"(anonymous_12)","line":169,"loc":{"start":{"line":169,"column":79},"end":{"line":172,"column":10}},"skip":true},"13":{"name":"(anonymous_13)","line":180,"loc":{"start":{"line":180,"column":75},"end":{"line":183,"column":10}},"skip":true}},"statementMap":{"1":{"start":{"line":12,"column":0},"end":{"line":195,"column":5}},"2":{"start":{"line":14,"column":4},"end":{"line":14,"column":14}},"3":{"start":{"line":19,"column":4},"end":{"line":56,"column":9}},"4":{"start":{"line":21,"column":8},"end":{"line":21,"column":19}},"5":{"start":{"line":23,"column":8},"end":{"line":35,"column":13}},"6":{"start":{"line":24,"column":12},"end":{"line":34,"column":13}},"7":{"start":{"line":25,"column":16},"end":{"line":28,"column":30}},"8":{"start":{"line":30,"column":16},"end":{"line":33,"column":27}},"9":{"start":{"line":37,"column":8},"end":{"line":39,"column":21}},"10":{"start":{"line":40,"column":8},"end":{"line":53,"column":9}},"11":{"start":{"line":43,"column":12},"end":{"line":46,"column":14}},"12":{"start":{"line":47,"column":12},"end":{"line":47,"column":18}},"13":{"start":{"line":50,"column":12},"end":{"line":51,"column":46}},"14":{"start":{"line":52,"column":12},"end":{"line":52,"column":18}},"15":{"start":{"line":55,"column":8},"end":{"line":55,"column":35}},"16":{"start":{"line":61,"column":4},"end":{"line":63,"column":9}},"17":{"start":{"line":62,"column":8},"end":{"line":62,"column":15}},"18":{"start":{"line":64,"column":4},"end":{"line":77,"column":5}},"19":{"start":{"line":70,"column":8},"end":{"line":70,"column":14}},"20":{"start":{"line":76,"column":8},"end":{"line":76,"column":14}},"21":{"start":{"line":82,"column":4},"end":{"line":84,"column":9}},"22":{"start":{"line":83,"column":8},"end":{"line":83,"column":15}},"23":{"start":{"line":85,"column":4},"end":{"line":194,"column":5}},"24":{"start":{"line":91,"column":8},"end":{"line":99,"column":10}},"25":{"start":{"line":98,"column":12},"end":{"line":98,"column":35}},"26":{"start":{"line":102,"column":8},"end":{"line":104,"column":63}},"27":{"start":{"line":105,"column":8},"end":{"line":105,"column":14}},"28":{"start":{"line":112,"column":8},"end":{"line":121,"column":10},"skip":true},"29":{"start":{"line":119,"column":12},"end":{"line":119,"column":55},"skip":true},"30":{"start":{"line":120,"column":12},"end":{"line":120,"column":48},"skip":true},"31":{"start":{"line":123,"column":8},"end":{"line":136,"column":10},"skip":true},"32":{"start":{"line":130,"column":12},"end":{"line":130,"column":76},"skip":true},"33":{"start":{"line":131,"column":12},"end":{"line":131,"column":73},"skip":true},"34":{"start":{"line":132,"column":12},"end":{"line":132,"column":74},"skip":true},"35":{"start":{"line":133,"column":12},"end":{"line":133,"column":79},"skip":true},"36":{"start":{"line":134,"column":12},"end":{"line":134,"column":25},"skip":true},"37":{"start":{"line":135,"column":12},"end":{"line":135,"column":45},"skip":true},"38":{"start":{"line":138,"column":8},"end":{"line":145,"column":14},"skip":true},"39":{"start":{"line":143,"column":16},"end":{"line":143,"column":29},"skip":true},"40":{"start":{"line":144,"column":16},"end":{"line":144,"column":55},"skip":true},"41":{"start":{"line":147,"column":8},"end":{"line":156,"column":10},"skip":true},"42":{"start":{"line":154,"column":12},"end":{"line":154,"column":25},"skip":true},"43":{"start":{"line":155,"column":12},"end":{"line":155,"column":45},"skip":true},"44":{"start":{"line":158,"column":8},"end":{"line":167,"column":10},"skip":true},"45":{"start":{"line":165,"column":12},"end":{"line":165,"column":25},"skip":true},"46":{"start":{"line":166,"column":12},"end":{"line":166,"column":48},"skip":true},"47":{"start":{"line":169,"column":8},"end":{"line":178,"column":10},"skip":true},"48":{"start":{"line":176,"column":12},"end":{"line":176,"column":25},"skip":true},"49":{"start":{"line":177,"column":12},"end":{"line":177,"column":46},"skip":true},"50":{"start":{"line":180,"column":8},"end":{"line":189,"column":10},"skip":true},"51":{"start":{"line":187,"column":12},"end":{"line":187,"column":94},"skip":true},"52":{"start":{"line":188,"column":12},"end":{"line":188,"column":48},"skip":true},"53":{"start":{"line":192,"column":8},"end":{"line":192,"column":35},"skip":true},"54":{"start":{"line":193,"column":8},"end":{"line":193,"column":14},"skip":true}},"branchMap":{"1":{"line":25,"type":"binary-expr","locations":[{"start":{"line":25,"column":23},"end":{"line":25,"column":62}},{"start":{"line":26,"column":20},"end":{"line":26,"column":70}},{"start":{"line":27,"column":20},"end":{"line":27,"column":71}},{"start":{"line":28,"column":20},"end":{"line":28,"column":29}}]},"2":{"line":30,"type":"binary-expr","locations":[{"start":{"line":30,"column":23},"end":{"line":30,"column":37}},{"start":{"line":31,"column":20},"end":{"line":31,"column":61}},{"start":{"line":32,"column":20},"end":{"line":32,"column":70}},{"start":{"line":33,"column":20},"end":{"line":33,"column":26}}]},"3":{"line":37,"type":"cond-expr","locations":[{"start":{"line":38,"column":14},"end":{"line":38,"column":20}},{"start":{"line":39,"column":14},"end":{"line":39,"column":20}}]},"4":{"line":40,"type":"switch","locations":[{"start":{"line":42,"column":8},"end":{"line":47,"column":18}},{"start":{"line":49,"column":8},"end":{"line":52,"column":18}}]},"5":{"line":44,"type":"binary-expr","locations":[{"start":{"line":44,"column":16},"end":{"line":44,"column":44}},{"start":{"line":44,"column":48},"end":{"line":44,"column":66}}]},"6":{"line":50,"type":"binary-expr","locations":[{"start":{"line":50,"column":21},"end":{"line":50,"column":49}},{"start":{"line":50,"column":53},"end":{"line":50,"column":72}}]},"7":{"line":64,"type":"switch","locations":[{"start":{"line":69,"column":4},"end":{"line":70,"column":14}},{"start":{"line":75,"column":4},"end":{"line":76,"column":14}}]},"8":{"line":85,"type":"switch","locations":[{"start":{"line":90,"column":4},"end":{"line":105,"column":14}},{"start":{"line":111,"column":4},"end":{"line":193,"column":14},"skip":true}]},"9":{"line":91,"type":"binary-expr","locations":[{"start":{"line":91,"column":42},"end":{"line":91,"column":73}},{"start":{"line":91,"column":77},"end":{"line":99,"column":9}}]},"10":{"line":102,"type":"binary-expr","locations":[{"start":{"line":102,"column":18},"end":{"line":102,"column":32}},{"start":{"line":103,"column":12},"end":{"line":103,"column":53}},{"start":{"line":104,"column":12},"end":{"line":104,"column":61}}]},"11":{"line":112,"type":"binary-expr","locations":[{"start":{"line":112,"column":45},"end":{"line":112,"column":79},"skip":true},{"start":{"line":112,"column":83},"end":{"line":121,"column":9},"skip":true}]},"12":{"line":123,"type":"binary-expr","locations":[{"start":{"line":123,"column":42},"end":{"line":123,"column":73},"skip":true},{"start":{"line":123,"column":77},"end":{"line":136,"column":9},"skip":true}]},"13":{"line":138,"type":"binary-expr","locations":[{"start":{"line":138,"column":48},"end":{"line":138,"column":85},"skip":true},{"start":{"line":139,"column":12},"end":{"line":145,"column":13},"skip":true}]},"14":{"line":147,"type":"binary-expr","locations":[{"start":{"line":147,"column":42},"end":{"line":147,"column":73},"skip":true},{"start":{"line":147,"column":77},"end":{"line":156,"column":9},"skip":true}]},"15":{"line":158,"type":"binary-expr","locations":[{"start":{"line":158,"column":45},"end":{"line":158,"column":79},"skip":true},{"start":{"line":158,"column":83},"end":{"line":167,"column":9},"skip":true}]},"16":{"line":169,"type":"binary-expr","locations":[{"start":{"line":169,"column":43},"end":{"line":169,"column":75},"skip":true},{"start":{"line":169,"column":79},"end":{"line":178,"column":9},"skip":true}]},"17":{"line":180,"type":"binary-expr","locations":[{"start":{"line":180,"column":41},"end":{"line":180,"column":71},"skip":true},{"start":{"line":180,"column":75},"end":{"line":189,"column":9},"skip":true}]}},"code":["/* istanbul instrument in package npmtest_juice */","/*jslint","    bitwise: true,","    browser: true,","    maxerr: 8,","    maxlen: 96,","    node: true,","    nomen: true,","    regexp: true,","    stupid: true","*/","(function () {","    'use strict';","    var local;","","","","    // run shared js-env code - pre-init","    (function () {","        // init local","        local = {};","        // init modeJs","        local.modeJs = (function () {","            try {","                return typeof navigator.userAgent === 'string' &&","                    typeof document.querySelector('body') === 'object' &&","                    typeof XMLHttpRequest.prototype.open === 'function' &&","                    'browser';","            } catch (errorCaughtBrowser) {","                return module.exports &&","                    typeof process.versions.node === 'string' &&","                    typeof require('http').createServer === 'function' &&","                    'node';","            }","        }());","        // init global","        local.global = local.modeJs === 'browser'","            ? window","            : global;","        switch (local.modeJs) {","        // re-init local from window.local","        case 'browser':","            local = local.global.utility2.objectSetDefault(","                local.global.utility2_rollup || local.global.local,","                local.global.utility2","            );","            break;","        // re-init local from example.js","        case 'node':","            local = (local.global.utility2_rollup || require('utility2'))","                .requireExampleJsFromReadme();","            break;","        }","        // export local","        local.global.local = local;","    }());","","","","    // run shared js-env code - function","    (function () {","        return;","    }());","    switch (local.modeJs) {","","","","    // run browser js-env code - function","    case 'browser':","        break;","","","","    // run node js-env code - function","    case 'node':","        break;","    }","","","","    // run shared js-env code - post-init","    (function () {","        return;","    }());","    switch (local.modeJs) {","","","","    // run browser js-env code - post-init","    case 'browser':","        local.testCase_browser_nullCase = local.testCase_browser_nullCase || function (","            options,","            onError","        ) {","        /*","         * this function will test browsers's null-case handling-behavior-behavior","         */","            onError(null, options);","        };","","        // run tests","        local.nop(local.modeTest &&","            document.querySelector('#testRunButton1') &&","            document.querySelector('#testRunButton1').click());","        break;","","","","    // run node js-env code - post-init","    /* istanbul ignore next */","    case 'node':","        local.testCase_buildApidoc_default = local.testCase_buildApidoc_default || function (","            options,","            onError","        ) {","        /*","         * this function will test buildApidoc's default handling-behavior-behavior","         */","            options = { modulePathList: module.paths };","            local.buildApidoc(options, onError);","        };","","        local.testCase_buildApp_default = local.testCase_buildApp_default || function (","            options,","            onError","        ) {","        /*","         * this function will test buildApp's default handling-behavior-behavior","         */","            local.testCase_buildReadme_default(options, local.onErrorThrow);","            local.testCase_buildLib_default(options, local.onErrorThrow);","            local.testCase_buildTest_default(options, local.onErrorThrow);","            local.testCase_buildCustomOrg_default(options, local.onErrorThrow);","            options = [];","            local.buildApp(options, onError);","        };","","        local.testCase_buildCustomOrg_default = local.testCase_buildCustomOrg_default ||","            function (options, onError) {","            /*","             * this function will test buildCustomOrg's default handling-behavior","             */","                options = {};","                local.buildCustomOrg(options, onError);","            };","","        local.testCase_buildLib_default = local.testCase_buildLib_default || function (","            options,","            onError","        ) {","        /*","         * this function will test buildLib's default handling-behavior","         */","            options = {};","            local.buildLib(options, onError);","        };","","        local.testCase_buildReadme_default = local.testCase_buildReadme_default || function (","            options,","            onError","        ) {","        /*","         * this function will test buildReadme's default handling-behavior-behavior","         */","            options = {};","            local.buildReadme(options, onError);","        };","","        local.testCase_buildTest_default = local.testCase_buildTest_default || function (","            options,","            onError","        ) {","        /*","         * this function will test buildTest's default handling-behavior","         */","            options = {};","            local.buildTest(options, onError);","        };","","        local.testCase_webpage_default = local.testCase_webpage_default || function (","            options,","            onError","        ) {","        /*","         * this function will test webpage's default handling-behavior","         */","            options = { modeCoverageMerge: true, url: local.serverLocalHost + '?modeTest=1' };","            local.browserTest(options, onError);","        };","","        // run test-server","        local.testRunServer(local);","        break;","    }","}());",""],"l":{"12":2,"14":2,"19":2,"21":2,"23":2,"24":2,"25":2,"30":1,"37":2,"40":2,"43":1,"47":1,"50":1,"52":1,"55":2,"61":2,"62":2,"64":2,"70":1,"76":1,"82":2,"83":2,"85":2,"91":1,"98":1,"102":1,"105":1,"112":1,"119":1,"120":1,"123":1,"130":1,"131":1,"132":1,"133":1,"134":1,"135":1,"138":1,"143":2,"144":2,"147":1,"154":2,"155":2,"158":1,"165":2,"166":2,"169":1,"176":2,"177":2,"180":1,"187":1,"188":1,"192":1,"193":1}},"/home/travis/build/npmtest/node-npmtest-juice/lib.npmtest_juice.js":{"path":"/home/travis/build/npmtest/node-npmtest-juice/lib.npmtest_juice.js","s":{"1":2,"2":2,"3":2,"4":2,"5":2,"6":2,"7":2,"8":1,"9":2,"10":2,"11":2,"12":2,"13":1,"14":1,"15":1,"16":1},"b":{"1":[2,1,1,1],"2":[1,1,1,1],"3":[1,1],"4":[2,2],"5":[1,1]},"f":{"1":2,"2":2,"3":2},"fnMap":{"1":{"name":"(anonymous_1)","line":12,"loc":{"start":{"line":12,"column":1},"end":{"line":12,"column":13}}},"2":{"name":"(anonymous_2)","line":19,"loc":{"start":{"line":19,"column":5},"end":{"line":19,"column":17}}},"3":{"name":"(anonymous_3)","line":23,"loc":{"start":{"line":23,"column":24},"end":{"line":23,"column":36}}}},"statementMap":{"1":{"start":{"line":12,"column":0},"end":{"line":53,"column":5}},"2":{"start":{"line":14,"column":4},"end":{"line":14,"column":14}},"3":{"start":{"line":19,"column":4},"end":{"line":52,"column":9}},"4":{"start":{"line":21,"column":8},"end":{"line":21,"column":19}},"5":{"start":{"line":23,"column":8},"end":{"line":35,"column":13}},"6":{"start":{"line":24,"column":12},"end":{"line":34,"column":13}},"7":{"start":{"line":25,"column":16},"end":{"line":28,"column":30}},"8":{"start":{"line":30,"column":16},"end":{"line":33,"column":27}},"9":{"start":{"line":37,"column":8},"end":{"line":39,"column":21}},"10":{"start":{"line":41,"column":8},"end":{"line":41,"column":54}},"11":{"start":{"line":43,"column":8},"end":{"line":43,"column":50}},"12":{"start":{"line":45,"column":8},"end":{"line":51,"column":9}},"13":{"start":{"line":46,"column":12},"end":{"line":46,"column":56}},"14":{"start":{"line":48,"column":12},"end":{"line":48,"column":35}},"15":{"start":{"line":49,"column":12},"end":{"line":49,"column":49}},"16":{"start":{"line":50,"column":12},"end":{"line":50,"column":43}}},"branchMap":{"1":{"line":25,"type":"binary-expr","locations":[{"start":{"line":25,"column":23},"end":{"line":25,"column":62}},{"start":{"line":26,"column":20},"end":{"line":26,"column":70}},{"start":{"line":27,"column":20},"end":{"line":27,"column":71}},{"start":{"line":28,"column":20},"end":{"line":28,"column":29}}]},"2":{"line":30,"type":"binary-expr","locations":[{"start":{"line":30,"column":23},"end":{"line":30,"column":37}},{"start":{"line":31,"column":20},"end":{"line":31,"column":61}},{"start":{"line":32,"column":20},"end":{"line":32,"column":70}},{"start":{"line":33,"column":20},"end":{"line":33,"column":26}}]},"3":{"line":37,"type":"cond-expr","locations":[{"start":{"line":38,"column":14},"end":{"line":38,"column":20}},{"start":{"line":39,"column":14},"end":{"line":39,"column":20}}]},"4":{"line":41,"type":"binary-expr","locations":[{"start":{"line":41,"column":16},"end":{"line":41,"column":44}},{"start":{"line":41,"column":48},"end":{"line":41,"column":53}}]},"5":{"line":45,"type":"if","locations":[{"start":{"line":45,"column":8},"end":{"line":45,"column":8}},{"start":{"line":45,"column":8},"end":{"line":45,"column":8}}]}},"code":["/* istanbul instrument in package npmtest_juice */","/*jslint","    bitwise: true,","    browser: true,","    maxerr: 8,","    maxlen: 96,","    node: true,","    nomen: true,","    regexp: true,","    stupid: true","*/","(function () {","    'use strict';","    var local;","","","","    // run shared js-env code - pre-init","    (function () {","        // init local","        local = {};","        // init modeJs","        local.modeJs = (function () {","            try {","                return typeof navigator.userAgent === 'string' &&","                    typeof document.querySelector('body') === 'object' &&","                    typeof XMLHttpRequest.prototype.open === 'function' &&","                    'browser';","            } catch (errorCaughtBrowser) {","                return module.exports &&","                    typeof process.versions.node === 'string' &&","                    typeof require('http').createServer === 'function' &&","                    'node';","            }","        }());","        // init global","        local.global = local.modeJs === 'browser'","            ? window","            : global;","        // init utility2_rollup","        local = local.global.utility2_rollup || local;","        // init lib","        local.local = local.npmtest_juice = local;","        // init exports","        if (local.modeJs === 'browser') {","            local.global.utility2_npmtest_juice = local;","        } else {","            module.exports = local;","            module.exports.__dirname = __dirname;","            module.exports.module = module;","        }","    }());","}());",""],"l":{"12":2,"14":2,"19":2,"21":2,"23":2,"24":2,"25":2,"30":1,"37":2,"41":2,"43":2,"45":2,"46":1,"48":1,"49":1,"50":1}},"/home/travis/build/npmtest/node-npmtest-juice/example.js":{"path":"/home/travis/build/npmtest/node-npmtest-juice/example.js","s":{"1":2,"2":2,"3":2,"4":2,"5":2,"6":2,"7":2,"8":1,"9":2,"10":2,"11":2,"12":2,"13":1,"14":2,"15":2,"16":2,"17":2,"18":2,"19":0,"20":2,"21":1,"22":1,"23":1,"24":1,"25":1,"26":0,"27":0,"28":1,"29":1,"30":2,"31":0,"32":0,"33":0,"34":1,"35":2,"36":2,"37":3,"38":3,"39":3,"40":3,"41":0,"42":3,"43":3,"44":3,"45":1,"46":3,"47":1,"48":1,"49":1,"50":1,"51":1,"52":1,"53":1,"54":1,"55":1,"56":1,"57":0,"58":1,"59":6,"60":6,"61":1,"62":2,"63":0,"64":2,"65":1,"66":1,"67":0,"68":0,"69":0,"70":0,"71":0,"72":0,"73":0,"74":0,"75":0,"76":0,"77":0,"78":0,"79":0,"80":0,"81":0,"82":0,"83":0},"b":{"1":[2,1,1,1],"2":[1,1,1,1],"3":[1,1],"4":[2,2],"5":[1,1],"6":[1,1],"7":[2,0],"8":[2,1,1,1,1,1],"9":[0,2,0],"10":[1,1],"11":[2,1,1],"12":[1,0],"13":[0,2],"14":[2,0,0,0,0,0,0],"15":[0,3],"16":[3,0],"17":[1,1],"18":[0,1],"19":[1,2,0,2],"20":[1,0],"21":[1,1],"22":[0,0],"23":[0,0],"24":[0,0],"25":[0,0],"26":[0,0],"27":[0,0],"28":[0,0]},"f":{"1":2,"2":2,"3":2,"4":2,"5":2,"6":2,"7":3,"8":3,"9":3,"10":1,"11":6,"12":0},"fnMap":{"1":{"name":"(anonymous_1)","line":26,"loc":{"start":{"line":26,"column":1},"end":{"line":26,"column":13}}},"2":{"name":"(anonymous_2)","line":33,"loc":{"start":{"line":33,"column":5},"end":{"line":33,"column":17}}},"3":{"name":"(anonymous_3)","line":37,"loc":{"start":{"line":37,"column":24},"end":{"line":37,"column":36}}},"4":{"name":"(anonymous_4)","line":69,"loc":{"start":{"line":69,"column":31},"end":{"line":69,"column":48}},"skip":true},"5":{"name":"(anonymous_5)","line":78,"loc":{"start":{"line":78,"column":26},"end":{"line":78,"column":45}},"skip":true},"6":{"name":"(anonymous_6)","line":123,"loc":{"start":{"line":123,"column":33},"end":{"line":123,"column":48}},"skip":true},"7":{"name":"(anonymous_7)","line":125,"loc":{"start":{"line":125,"column":27},"end":{"line":125,"column":39}},"skip":true},"8":{"name":"(anonymous_8)","line":133,"loc":{"start":{"line":133,"column":59},"end":{"line":133,"column":74}},"skip":true},"9":{"name":"(anonymous_9)","line":143,"loc":{"start":{"line":143,"column":45},"end":{"line":143,"column":62}},"skip":true},"10":{"name":"(anonymous_10)","line":144,"loc":{"start":{"line":144,"column":73},"end":{"line":144,"column":92}},"skip":true},"11":{"name":"(anonymous_11)","line":272,"loc":{"start":{"line":272,"column":51},"end":{"line":272,"column":77}},"skip":true},"12":{"name":"(anonymous_12)","line":315,"loc":{"start":{"line":315,"column":32},"end":{"line":315,"column":61}},"skip":true}},"statementMap":{"1":{"start":{"line":26,"column":0},"end":{"line":326,"column":5}},"2":{"start":{"line":28,"column":4},"end":{"line":28,"column":14}},"3":{"start":{"line":33,"column":4},"end":{"line":60,"column":9}},"4":{"start":{"line":35,"column":8},"end":{"line":35,"column":19}},"5":{"start":{"line":37,"column":8},"end":{"line":49,"column":13}},"6":{"start":{"line":38,"column":12},"end":{"line":48,"column":13}},"7":{"start":{"line":39,"column":16},"end":{"line":42,"column":30}},"8":{"start":{"line":44,"column":16},"end":{"line":47,"column":27}},"9":{"start":{"line":51,"column":8},"end":{"line":53,"column":21}},"10":{"start":{"line":55,"column":8},"end":{"line":57,"column":45}},"11":{"start":{"line":59,"column":8},"end":{"line":59,"column":35}},"12":{"start":{"line":61,"column":4},"end":{"line":325,"column":5}},"13":{"start":{"line":69,"column":8},"end":{"line":121,"column":10},"skip":true},"14":{"start":{"line":70,"column":12},"end":{"line":88,"column":13},"skip":true},"15":{"start":{"line":76,"column":16},"end":{"line":87,"column":19},"skip":true},"16":{"start":{"line":79,"column":20},"end":{"line":86,"column":21},"skip":true},"17":{"start":{"line":82,"column":24},"end":{"line":82,"column":43},"skip":true},"18":{"start":{"line":83,"column":24},"end":{"line":83,"column":30},"skip":true},"19":{"start":{"line":85,"column":24},"end":{"line":85,"column":49},"skip":true},"20":{"start":{"line":89,"column":12},"end":{"line":107,"column":13},"skip":true},"21":{"start":{"line":92,"column":16},"end":{"line":102,"column":17},"skip":true},"22":{"start":{"line":93,"column":20},"end":{"line":93,"column":86},"skip":true},"23":{"start":{"line":94,"column":20},"end":{"line":95,"column":45},"skip":true},"24":{"start":{"line":96,"column":20},"end":{"line":96,"column":42},"skip":true},"25":{"start":{"line":97,"column":20},"end":{"line":97,"column":48},"skip":true},"26":{"start":{"line":100,"column":20},"end":{"line":100,"column":85},"skip":true},"27":{"start":{"line":101,"column":20},"end":{"line":101,"column":96},"skip":true},"28":{"start":{"line":103,"column":16},"end":{"line":103,"column":22},"skip":true},"29":{"start":{"line":106,"column":16},"end":{"line":106,"column":22},"skip":true},"30":{"start":{"line":108,"column":12},"end":{"line":120,"column":13},"skip":true},"31":{"start":{"line":114,"column":16},"end":{"line":119,"column":17},"skip":true},"32":{"start":{"line":116,"column":20},"end":{"line":116,"column":78},"skip":true},"33":{"start":{"line":118,"column":20},"end":{"line":118,"column":47},"skip":true},"34":{"start":{"line":123,"column":8},"end":{"line":141,"column":11},"skip":true},"35":{"start":{"line":124,"column":12},"end":{"line":124,"column":54},"skip":true},"36":{"start":{"line":125,"column":12},"end":{"line":140,"column":14},"skip":true},"37":{"start":{"line":126,"column":16},"end":{"line":126,"column":28},"skip":true},"38":{"start":{"line":127,"column":16},"end":{"line":127,"column":69},"skip":true},"39":{"start":{"line":128,"column":16},"end":{"line":128,"column":75},"skip":true},"40":{"start":{"line":129,"column":16},"end":{"line":131,"column":17},"skip":true},"41":{"start":{"line":130,"column":20},"end":{"line":130,"column":27},"skip":true},"42":{"start":{"line":133,"column":16},"end":{"line":137,"column":36},"skip":true},"43":{"start":{"line":134,"column":20},"end":{"line":136,"column":55},"skip":true},"44":{"start":{"line":139,"column":16},"end":{"line":139,"column":57},"skip":true},"45":{"start":{"line":143,"column":8},"end":{"line":147,"column":11},"skip":true},"46":{"start":{"line":144,"column":12},"end":{"line":146,"column":15},"skip":true},"47":{"start":{"line":145,"column":16},"end":{"line":145,"column":70},"skip":true},"48":{"start":{"line":149,"column":8},"end":{"line":149,"column":31},"skip":true},"49":{"start":{"line":150,"column":8},"end":{"line":150,"column":14},"skip":true},"50":{"start":{"line":158,"column":8},"end":{"line":158,"column":31},"skip":true},"51":{"start":{"line":160,"column":8},"end":{"line":160,"column":33},"skip":true},"52":{"start":{"line":161,"column":8},"end":{"line":161,"column":37},"skip":true},"53":{"start":{"line":162,"column":8},"end":{"line":162,"column":35},"skip":true},"54":{"start":{"line":164,"column":8},"end":{"line":164,"column":50},"skip":true},"55":{"start":{"line":166,"column":8},"end":{"line":256,"column":2},"skip":true},"56":{"start":{"line":258,"column":8},"end":{"line":286,"column":9},"skip":true},"57":{"start":{"line":259,"column":12},"end":{"line":269,"column":14},"skip":true},"58":{"start":{"line":271,"column":12},"end":{"line":285,"column":19},"skip":true},"59":{"start":{"line":274,"column":20},"end":{"line":274,"column":35},"skip":true},"60":{"start":{"line":275,"column":20},"end":{"line":284,"column":21},"skip":true},"61":{"start":{"line":277,"column":24},"end":{"line":277,"column":64},"skip":true},"62":{"start":{"line":279,"column":24},"end":{"line":279,"column":40},"skip":true},"63":{"start":{"line":281,"column":24},"end":{"line":281,"column":40},"skip":true},"64":{"start":{"line":283,"column":24},"end":{"line":283,"column":39},"skip":true},"65":{"start":{"line":288,"column":8},"end":{"line":290,"column":9},"skip":true},"66":{"start":{"line":289,"column":12},"end":{"line":289,"column":18},"skip":true},"67":{"start":{"line":291,"column":8},"end":{"line":293,"column":54},"skip":true},"68":{"start":{"line":296,"column":8},"end":{"line":301,"column":37},"skip":true},"69":{"start":{"line":303,"column":8},"end":{"line":303,"column":82},"skip":true},"70":{"start":{"line":306,"column":8},"end":{"line":308,"column":9},"skip":true},"71":{"start":{"line":307,"column":12},"end":{"line":307,"column":82},"skip":true},"72":{"start":{"line":310,"column":8},"end":{"line":312,"column":9},"skip":true},"73":{"start":{"line":311,"column":12},"end":{"line":311,"column":18},"skip":true},"74":{"start":{"line":313,"column":8},"end":{"line":313,"column":54},"skip":true},"75":{"start":{"line":314,"column":8},"end":{"line":314,"column":69},"skip":true},"76":{"start":{"line":315,"column":8},"end":{"line":323,"column":36},"skip":true},"77":{"start":{"line":316,"column":12},"end":{"line":316,"column":61},"skip":true},"78":{"start":{"line":317,"column":12},"end":{"line":320,"column":13},"skip":true},"79":{"start":{"line":318,"column":16},"end":{"line":318,"column":75},"skip":true},"80":{"start":{"line":319,"column":16},"end":{"line":319,"column":23},"skip":true},"81":{"start":{"line":321,"column":12},"end":{"line":321,"column":38},"skip":true},"82":{"start":{"line":322,"column":12},"end":{"line":322,"column":27},"skip":true},"83":{"start":{"line":324,"column":8},"end":{"line":324,"column":14},"skip":true}},"branchMap":{"1":{"line":39,"type":"binary-expr","locations":[{"start":{"line":39,"column":23},"end":{"line":39,"column":62}},{"start":{"line":40,"column":20},"end":{"line":40,"column":70}},{"start":{"line":41,"column":20},"end":{"line":41,"column":71}},{"start":{"line":42,"column":20},"end":{"line":42,"column":29}}]},"2":{"line":44,"type":"binary-expr","locations":[{"start":{"line":44,"column":23},"end":{"line":44,"column":37}},{"start":{"line":45,"column":20},"end":{"line":45,"column":61}},{"start":{"line":46,"column":20},"end":{"line":46,"column":70}},{"start":{"line":47,"column":20},"end":{"line":47,"column":26}}]},"3":{"line":51,"type":"cond-expr","locations":[{"start":{"line":52,"column":14},"end":{"line":52,"column":20}},{"start":{"line":53,"column":14},"end":{"line":53,"column":20}}]},"4":{"line":55,"type":"binary-expr","locations":[{"start":{"line":55,"column":16},"end":{"line":55,"column":44}},{"start":{"line":55,"column":49},"end":{"line":57,"column":43}}]},"5":{"line":55,"type":"cond-expr","locations":[{"start":{"line":56,"column":14},"end":{"line":56,"column":49}},{"start":{"line":57,"column":14},"end":{"line":57,"column":43}}]},"6":{"line":61,"type":"switch","locations":[{"start":{"line":68,"column":4},"end":{"line":150,"column":14},"skip":true},{"start":{"line":156,"column":4},"end":{"line":324,"column":14},"skip":true}]},"7":{"line":70,"type":"if","locations":[{"start":{"line":70,"column":12},"end":{"line":70,"column":12},"skip":true},{"start":{"line":70,"column":12},"end":{"line":70,"column":12},"skip":true}]},"8":{"line":70,"type":"binary-expr","locations":[{"start":{"line":70,"column":16},"end":{"line":70,"column":22},"skip":true},{"start":{"line":70,"column":27},"end":{"line":70,"column":32},"skip":true},{"start":{"line":71,"column":20},"end":{"line":71,"column":39},"skip":true},{"start":{"line":72,"column":20},"end":{"line":72,"column":49},"skip":true},{"start":{"line":73,"column":20},"end":{"line":73,"column":58},"skip":true},{"start":{"line":74,"column":20},"end":{"line":74,"column":69},"skip":true}]},"9":{"line":79,"type":"switch","locations":[{"start":{"line":80,"column":20},"end":{"line":80,"column":33},"skip":true},{"start":{"line":81,"column":20},"end":{"line":83,"column":30},"skip":true},{"start":{"line":84,"column":20},"end":{"line":85,"column":49},"skip":true}]},"10":{"line":89,"type":"switch","locations":[{"start":{"line":90,"column":12},"end":{"line":103,"column":22},"skip":true},{"start":{"line":105,"column":12},"end":{"line":106,"column":22},"skip":true}]},"11":{"line":89,"type":"binary-expr","locations":[{"start":{"line":89,"column":20},"end":{"line":89,"column":25},"skip":true},{"start":{"line":89,"column":29},"end":{"line":89,"column":48},"skip":true},{"start":{"line":89,"column":52},"end":{"line":89,"column":74},"skip":true}]},"12":{"line":92,"type":"if","locations":[{"start":{"line":92,"column":16},"end":{"line":92,"column":16},"skip":true},{"start":{"line":92,"column":16},"end":{"line":92,"column":16},"skip":true}]},"13":{"line":108,"type":"if","locations":[{"start":{"line":108,"column":12},"end":{"line":108,"column":12},"skip":true},{"start":{"line":108,"column":12},"end":{"line":108,"column":12},"skip":true}]},"14":{"line":108,"type":"binary-expr","locations":[{"start":{"line":108,"column":16},"end":{"line":108,"column":61},"skip":true},{"start":{"line":108,"column":66},"end":{"line":108,"column":72},"skip":true},{"start":{"line":108,"column":77},"end":{"line":108,"column":82},"skip":true},{"start":{"line":109,"column":20},"end":{"line":109,"column":39},"skip":true},{"start":{"line":110,"column":20},"end":{"line":110,"column":49},"skip":true},{"start":{"line":111,"column":20},"end":{"line":111,"column":58},"skip":true},{"start":{"line":112,"column":20},"end":{"line":112,"column":68},"skip":true}]},"15":{"line":129,"type":"if","locations":[{"start":{"line":129,"column":16},"end":{"line":129,"column":16},"skip":true},{"start":{"line":129,"column":16},"end":{"line":129,"column":16},"skip":true}]},"16":{"line":134,"type":"cond-expr","locations":[{"start":{"line":135,"column":26},"end":{"line":135,"column":29},"skip":true},{"start":{"line":136,"column":26},"end":{"line":136,"column":54},"skip":true}]},"17":{"line":164,"type":"binary-expr","locations":[{"start":{"line":164,"column":27},"end":{"line":164,"column":43},"skip":true},{"start":{"line":164,"column":47},"end":{"line":164,"column":49},"skip":true}]},"18":{"line":258,"type":"if","locations":[{"start":{"line":258,"column":8},"end":{"line":258,"column":8},"skip":true},{"start":{"line":258,"column":8},"end":{"line":258,"column":8},"skip":true}]},"19":{"line":275,"type":"switch","locations":[{"start":{"line":276,"column":20},"end":{"line":277,"column":64},"skip":true},{"start":{"line":278,"column":20},"end":{"line":279,"column":40},"skip":true},{"start":{"line":280,"column":20},"end":{"line":281,"column":40},"skip":true},{"start":{"line":282,"column":20},"end":{"line":283,"column":39},"skip":true}]},"20":{"line":288,"type":"if","locations":[{"start":{"line":288,"column":8},"end":{"line":288,"column":8},"skip":true},{"start":{"line":288,"column":8},"end":{"line":288,"column":8},"skip":true}]},"21":{"line":288,"type":"binary-expr","locations":[{"start":{"line":288,"column":12},"end":{"line":288,"column":40},"skip":true},{"start":{"line":288,"column":44},"end":{"line":288,"column":67},"skip":true}]},"22":{"line":292,"type":"binary-expr","locations":[{"start":{"line":292,"column":12},"end":{"line":292,"column":50},"skip":true},{"start":{"line":293,"column":12},"end":{"line":293,"column":53},"skip":true}]},"23":{"line":297,"type":"binary-expr","locations":[{"start":{"line":297,"column":12},"end":{"line":297,"column":63},"skip":true},{"start":{"line":298,"column":12},"end":{"line":301,"column":36},"skip":true}]},"24":{"line":303,"type":"binary-expr","locations":[{"start":{"line":303,"column":43},"end":{"line":303,"column":75},"skip":true},{"start":{"line":303,"column":79},"end":{"line":303,"column":81},"skip":true}]},"25":{"line":306,"type":"if","locations":[{"start":{"line":306,"column":8},"end":{"line":306,"column":8},"skip":true},{"start":{"line":306,"column":8},"end":{"line":306,"column":8},"skip":true}]},"26":{"line":310,"type":"if","locations":[{"start":{"line":310,"column":8},"end":{"line":310,"column":8},"skip":true},{"start":{"line":310,"column":8},"end":{"line":310,"column":8},"skip":true}]},"27":{"line":313,"type":"binary-expr","locations":[{"start":{"line":313,"column":27},"end":{"line":313,"column":43},"skip":true},{"start":{"line":313,"column":47},"end":{"line":313,"column":53},"skip":true}]},"28":{"line":317,"type":"if","locations":[{"start":{"line":317,"column":12},"end":{"line":317,"column":12},"skip":true},{"start":{"line":317,"column":12},"end":{"line":317,"column":12},"skip":true}]}},"code":["/*","example.js","","quickstart example","","instruction","    1. save this script as example.js","    2. run the shell command:","        $ npm install npmtest-juice && PORT=8081 node example.js","    3. play with the browser-demo on http://127.0.0.1:8081","*/","","","","/* istanbul instrument in package npmtest_juice */","/*jslint","    bitwise: true,","    browser: true,","    maxerr: 8,","    maxlen: 96,","    node: true,","    nomen: true,","    regexp: true,","    stupid: true","*/","(function () {","    'use strict';","    var local;","","","","    // run shared js-env code - pre-init","    (function () {","        // init local","        local = {};","        // init modeJs","        local.modeJs = (function () {","            try {","                return typeof navigator.userAgent === 'string' &&","                    typeof document.querySelector('body') === 'object' &&","                    typeof XMLHttpRequest.prototype.open === 'function' &&","                    'browser';","            } catch (errorCaughtBrowser) {","                return module.exports &&","                    typeof process.versions.node === 'string' &&","                    typeof require('http').createServer === 'function' &&","                    'node';","            }","        }());","        // init global","        local.global = local.modeJs === 'browser'","            ? window","            : global;","        // init utility2_rollup","        local = local.global.utility2_rollup || (local.modeJs === 'browser'","            ? local.global.utility2_npmtest_juice","            : global.utility2_moduleExports);","        // export local","        local.global.local = local;","    }());","    switch (local.modeJs) {","","","","    // post-init","    // run browser js-env code - post-init","    /* istanbul ignore next */","    case 'browser':","        local.testRunBrowser = function (event) {","            if (!event || (event &&","                    event.currentTarget &&","                    event.currentTarget.className &&","                    event.currentTarget.className.includes &&","                    event.currentTarget.className.includes('onreset'))) {","                // reset output","                Array.from(","                    document.querySelectorAll('body > .resettable')","                ).forEach(function (element) {","                    switch (element.tagName) {","                    case 'INPUT':","                    case 'TEXTAREA':","                        element.value = '';","                        break;","                    default:","                        element.textContent = '';","                    }","                });","            }","            switch (event && event.currentTarget && event.currentTarget.id) {","            case 'testRunButton1':","                // show tests","                if (document.querySelector('#testReportDiv1').style.display === 'none') {","                    document.querySelector('#testReportDiv1').style.display = 'block';","                    document.querySelector('#testRunButton1').textContent =","                        'hide internal test';","                    local.modeTest = true;","                    local.testRunDefault(local);","                // hide tests","                } else {","                    document.querySelector('#testReportDiv1').style.display = 'none';","                    document.querySelector('#testRunButton1').textContent = 'run internal test';","                }","                break;","            // custom-case","            default:","                break;","            }","            if (document.querySelector('#inputTextareaEval1') && (!event || (event &&","                    event.currentTarget &&","                    event.currentTarget.className &&","                    event.currentTarget.className.includes &&","                    event.currentTarget.className.includes('oneval')))) {","                // try to eval input-code","                try {","                    /*jslint evil: true*/","                    eval(document.querySelector('#inputTextareaEval1').value);","                } catch (errorCaught) {","                    console.error(errorCaught);","                }","            }","        };","        // log stderr and stdout to #outputTextareaStdout1","        ['error', 'log'].forEach(function (key) {","            console[key + '_original'] = console[key];","            console[key] = function () {","                var element;","                console[key + '_original'].apply(console, arguments);","                element = document.querySelector('#outputTextareaStdout1');","                if (!element) {","                    return;","                }","                // append text to #outputTextareaStdout1","                element.value += Array.from(arguments).map(function (arg) {","                    return typeof arg === 'string'","                        ? arg","                        : JSON.stringify(arg, null, 4);","                }).join(' ') + '\\n';","                // scroll textarea to bottom","                element.scrollTop = element.scrollHeight;","            };","        });","        // init event-handling","        ['change', 'click', 'keyup'].forEach(function (event) {","            Array.from(document.querySelectorAll('.on' + event)).forEach(function (element) {","                element.addEventListener(event, local.testRunBrowser);","            });","        });","        // run tests","        local.testRunBrowser();","        break;","","","","    // run node js-env code - post-init","    /* istanbul ignore next */","    case 'node':","        // export local","        module.exports = local;","        // require modules","        local.fs = require('fs');","        local.http = require('http');","        local.url = require('url');","        // init assets","        local.assetsDict = local.assetsDict || {};","        /* jslint-ignore-begin */","        local.assetsDict['/assets.index.template.html'] = '\\","<!doctype html>\\n\\","<html lang=\"en\">\\n\\","<head>\\n\\","<meta charset=\"UTF-8\">\\n\\","<meta name=\"viewport\" content=\"width=device-width, initial-scale=1\">\\n\\","<title>{{env.npm_package_name}} (v{{env.npm_package_version}})</title>\\n\\","<style>\\n\\","/*csslint\\n\\","    box-sizing: false,\\n\\","    universal-selector: false\\n\\","*/\\n\\","* {\\n\\","    box-sizing: border-box;\\n\\","}\\n\\","body {\\n\\","    background: #dde;\\n\\","    font-family: Arial, Helvetica, sans-serif;\\n\\","    margin: 2rem;\\n\\","}\\n\\","body > * {\\n\\","    margin-bottom: 1rem;\\n\\","}\\n\\",".utility2FooterDiv {\\n\\","    margin-top: 20px;\\n\\","    text-align: center;\\n\\","}\\n\\","</style>\\n\\","<style>\\n\\","/*csslint\\n\\","*/\\n\\","textarea {\\n\\","    font-family: monospace;\\n\\","    height: 10rem;\\n\\","    width: 100%;\\n\\","}\\n\\","textarea[readonly] {\\n\\","    background: #ddd;\\n\\","}\\n\\","</style>\\n\\","</head>\\n\\","<body>\\n\\","<!-- utility2-comment\\n\\","<div id=\"ajaxProgressDiv1\" style=\"background: #d00; height: 2px; left: 0; margin: 0; padding: 0; position: fixed; top: 0; transition: background 0.5s, width 1.5s; width: 25%;\"></div>\\n\\","utility2-comment -->\\n\\","<h1>\\n\\","<!-- utility2-comment\\n\\","    <a\\n\\","        {{#if env.npm_package_homepage}}\\n\\","        href=\"{{env.npm_package_homepage}}\"\\n\\","        {{/if env.npm_package_homepage}}\\n\\","        target=\"_blank\"\\n\\","    >\\n\\","utility2-comment -->\\n\\","        {{env.npm_package_name}} (v{{env.npm_package_version}})\\n\\","<!-- utility2-comment\\n\\","    </a>\\n\\","utility2-comment -->\\n\\","</h1>\\n\\","<h3>{{env.npm_package_description}}</h3>\\n\\","<!-- utility2-comment\\n\\","<h4><a download href=\"assets.app.js\">download standalone app</a></h4>\\n\\","<button class=\"onclick onreset\" id=\"testRunButton1\">run internal test</button><br>\\n\\","<div id=\"testReportDiv1\" style=\"display: none;\"></div>\\n\\","utility2-comment -->\\n\\","\\n\\","\\n\\","\\n\\","<label>stderr and stdout</label>\\n\\","<textarea class=\"resettable\" id=\"outputTextareaStdout1\" readonly></textarea>\\n\\","<!-- utility2-comment\\n\\","{{#if isRollup}}\\n\\","<script src=\"assets.app.js\"></script>\\n\\","{{#unless isRollup}}\\n\\","utility2-comment -->\\n\\","<script src=\"assets.utility2.rollup.js\"></script>\\n\\","<script src=\"jsonp.utility2._stateInit?callback=window.utility2._stateInit\"></script>\\n\\","<script src=\"assets.npmtest_juice.rollup.js\"></script>\\n\\","<script src=\"assets.example.js\"></script>\\n\\","<script src=\"assets.test.js\"></script>\\n\\","<!-- utility2-comment\\n\\","{{/if isRollup}}\\n\\","utility2-comment -->\\n\\","<div class=\"utility2FooterDiv\">\\n\\","    [ this app was created with\\n\\","    <a href=\"https://github.com/kaizhu256/node-utility2\" target=\"_blank\">utility2</a>\\n\\","    ]\\n\\","</div>\\n\\","</body>\\n\\","</html>\\n\\","';","        /* jslint-ignore-end */","        if (local.templateRender) {","            local.assetsDict['/'] = local.templateRender(","                local.assetsDict['/assets.index.template.html'],","                {","                    env: local.objectSetDefault(local.env, {","                        npm_package_description: 'the greatest app in the world!',","                        npm_package_name: 'my-app',","                        npm_package_nameAlias: 'my_app',","                        npm_package_version: '0.0.1'","                    })","                }","            );","        } else {","            local.assetsDict['/'] = local.assetsDict['/assets.index.template.html']","                .replace((/\\{\\{env\\.(\\w+?)\\}\\}/g), function (match0, match1) {","                    // jslint-hack","                    String(match0);","                    switch (match1) {","                    case 'npm_package_description':","                        return 'the greatest app in the world!';","                    case 'npm_package_name':","                        return 'my-app';","                    case 'npm_package_nameAlias':","                        return 'my_app';","                    case 'npm_package_version':","                        return '0.0.1';","                    }","                });","        }","        // run the cli","        if (local.global.utility2_rollup || module !== require.main) {","            break;","        }","        local.assetsDict['/assets.example.js'] =","            local.assetsDict['/assets.example.js'] ||","            local.fs.readFileSync(__filename, 'utf8');","        // bug-workaround - long $npm_package_buildCustomOrg","        /* jslint-ignore-begin */","        local.assetsDict['/assets.npmtest_juice.rollup.js'] =","            local.assetsDict['/assets.npmtest_juice.rollup.js'] ||","            local.fs.readFileSync(","                local.npmtest_juice.__dirname + '/lib.npmtest_juice.js',","                'utf8'","            ).replace((/^#!/), '//');","        /* jslint-ignore-end */","        local.assetsDict['/favicon.ico'] = local.assetsDict['/favicon.ico'] || '';","        // if $npm_config_timeout_exit exists,","        // then exit this process after $npm_config_timeout_exit ms","        if (Number(process.env.npm_config_timeout_exit)) {","            setTimeout(process.exit, Number(process.env.npm_config_timeout_exit));","        }","        // start server","        if (local.global.utility2_serverHttp1) {","            break;","        }","        process.env.PORT = process.env.PORT || '8081';","        console.error('server starting on port ' + process.env.PORT);","        local.http.createServer(function (request, response) {","            request.urlParsed = local.url.parse(request.url);","            if (local.assetsDict[request.urlParsed.pathname] !== undefined) {","                response.end(local.assetsDict[request.urlParsed.pathname]);","                return;","            }","            response.statusCode = 404;","            response.end();","        }).listen(process.env.PORT);","        break;","    }","}());",""],"l":{"26":2,"28":2,"33":2,"35":2,"37":2,"38":2,"39":2,"44":1,"51":2,"55":2,"59":2,"61":2,"69":1,"70":2,"76":2,"79":2,"82":2,"83":2,"85":1,"89":2,"92":1,"93":1,"94":1,"96":1,"97":1,"100":1,"101":1,"103":1,"106":1,"108":2,"114":1,"116":1,"118":1,"123":1,"124":2,"125":2,"126":3,"127":3,"128":3,"129":3,"130":1,"133":3,"134":3,"139":3,"143":1,"144":3,"145":1,"149":1,"150":1,"158":1,"160":1,"161":1,"162":1,"164":1,"166":1,"258":1,"259":1,"271":1,"274":6,"275":6,"277":1,"279":2,"281":1,"283":2,"288":1,"289":1,"291":1,"296":1,"303":1,"306":1,"307":1,"310":1,"311":1,"313":1,"314":1,"315":1,"316":1,"317":1,"318":1,"319":1,"321":1,"322":1,"324":1}},"/home/travis/build/npmtest/node-npmtest-juice/node_modules/juice/index.js":{"path":"/home/travis/build/npmtest/node-npmtest-juice/node_modules/juice/index.js","s":{"1":1,"2":1,"3":1,"4":1,"5":1,"6":1,"7":1,"8":1,"9":1,"10":1,"11":1,"12":1,"13":1,"14":1,"15":1,"16":1,"17":1,"18":1,"19":1,"20":1,"21":1,"22":1,"23":1,"24":1,"25":1,"26":1,"27":0,"28":0,"29":0,"30":0,"31":0,"32":0,"33":0,"34":0,"35":1,"36":0,"37":0,"38":1,"39":0,"40":0,"41":0,"42":0,"43":0,"44":0,"45":0},"b":{"1":[0,0],"2":[0,0],"3":[0,0],"4":[0,0],"5":[0,0]},"f":{"1":0,"2":0,"3":0,"4":0,"5":0},"fnMap":{"1":{"name":"juiceFile","line":40,"loc":{"start":{"line":40,"column":0},"end":{"line":40,"column":48}}},"2":{"name":"(anonymous_2)","line":42,"loc":{"start":{"line":42,"column":32},"end":{"line":42,"column":55}}},"3":{"name":"inlineExternal","line":55,"loc":{"start":{"line":55,"column":0},"end":{"line":55,"column":55}}},"4":{"name":"juiceResources","line":60,"loc":{"start":{"line":60,"column":0},"end":{"line":60,"column":49}}},"5":{"name":"(anonymous_5)","line":63,"loc":{"start":{"line":63,"column":17},"end":{"line":63,"column":37}}}},"statementMap":{"1":{"start":{"line":7,"column":0},"end":{"line":7,"column":35}},"2":{"start":{"line":8,"column":0},"end":{"line":8,"column":39}},"3":{"start":{"line":9,"column":0},"end":{"line":9,"column":23}},"4":{"start":{"line":10,"column":0},"end":{"line":10,"column":27}},"5":{"start":{"line":11,"column":0},"end":{"line":11,"column":45}},"6":{"start":{"line":12,"column":0},"end":{"line":12,"column":38}},"7":{"start":{"line":13,"column":0},"end":{"line":13,"column":39}},"8":{"start":{"line":14,"column":0},"end":{"line":14,"column":24}},"9":{"start":{"line":16,"column":0},"end":{"line":16,"column":23}},"10":{"start":{"line":18,"column":0},"end":{"line":18,"column":36}},"11":{"start":{"line":20,"column":0},"end":{"line":20,"column":32}},"12":{"start":{"line":21,"column":0},"end":{"line":21,"column":32}},"13":{"start":{"line":22,"column":0},"end":{"line":22,"column":20}},"14":{"start":{"line":24,"column":0},"end":{"line":24,"column":50}},"15":{"start":{"line":25,"column":0},"end":{"line":25,"column":48}},"16":{"start":{"line":26,"column":0},"end":{"line":26,"column":48}},"17":{"start":{"line":27,"column":0},"end":{"line":27,"column":56}},"18":{"start":{"line":28,"column":0},"end":{"line":28,"column":54}},"19":{"start":{"line":30,"column":0},"end":{"line":30,"column":48}},"20":{"start":{"line":31,"column":0},"end":{"line":31,"column":50}},"21":{"start":{"line":32,"column":0},"end":{"line":32,"column":48}},"22":{"start":{"line":34,"column":0},"end":{"line":34,"column":28}},"23":{"start":{"line":35,"column":0},"end":{"line":35,"column":38}},"24":{"start":{"line":36,"column":0},"end":{"line":36,"column":38}},"25":{"start":{"line":38,"column":0},"end":{"line":38,"column":38}},"26":{"start":{"line":40,"column":0},"end":{"line":53,"column":1}},"27":{"start":{"line":42,"column":2},"end":{"line":52,"column":5}},"28":{"start":{"line":43,"column":4},"end":{"line":45,"column":5}},"29":{"start":{"line":44,"column":6},"end":{"line":44,"column":27}},"30":{"start":{"line":46,"column":4},"end":{"line":46,"column":47}},"31":{"start":{"line":47,"column":4},"end":{"line":50,"column":5}},"32":{"start":{"line":48,"column":6},"end":{"line":48,"column":68}},"33":{"start":{"line":49,"column":6},"end":{"line":49,"column":44}},"34":{"start":{"line":51,"column":4},"end":{"line":51,"column":47}},"35":{"start":{"line":55,"column":0},"end":{"line":58,"column":1}},"36":{"start":{"line":56,"column":2},"end":{"line":56,"column":65}},"37":{"start":{"line":57,"column":2},"end":{"line":57,"column":33}},"38":{"start":{"line":60,"column":0},"end":{"line":75,"column":1}},"39":{"start":{"line":61,"column":2},"end":{"line":61,"column":45}},"40":{"start":{"line":63,"column":2},"end":{"line":71,"column":4}},"41":{"start":{"line":64,"column":4},"end":{"line":66,"column":5}},"42":{"start":{"line":65,"column":6},"end":{"line":65,"column":27}},"43":{"start":{"line":68,"column":4},"end":{"line":70,"column":6}},"44":{"start":{"line":73,"column":2},"end":{"line":73,"column":83}},"45":{"start":{"line":74,"column":2},"end":{"line":74,"column":55}}},"branchMap":{"1":{"line":43,"type":"if","locations":[{"start":{"line":43,"column":4},"end":{"line":43,"column":4}},{"start":{"line":43,"column":4},"end":{"line":43,"column":4}}]},"2":{"line":47,"type":"if","locations":[{"start":{"line":47,"column":4},"end":{"line":47,"column":4}},{"start":{"line":47,"column":4},"end":{"line":47,"column":4}}]},"3":{"line":64,"type":"if","locations":[{"start":{"line":64,"column":4},"end":{"line":64,"column":4}},{"start":{"line":64,"column":4},"end":{"line":64,"column":4}}]},"4":{"line":69,"type":"binary-expr","locations":[{"start":{"line":69,"column":31},"end":{"line":69,"column":38}},{"start":{"line":69,"column":42},"end":{"line":69,"column":57}}]},"5":{"line":73,"type":"binary-expr","locations":[{"start":{"line":73,"column":36},"end":{"line":73,"column":67}},{"start":{"line":73,"column":71},"end":{"line":73,"column":82}}]}},"code":[" 'use strict';","","/**"," * Module dependencies."," */","","var utils = require('./lib/utils');","var packageJson = require('./package');","var fs = require('fs');","var path = require('path');","var inline = require('web-resource-inliner');","var juiceClient = require('./client');","var cheerio = require('./lib/cheerio');","var juice = juiceClient;","","module.exports = juice;","","juice.version = packageJson.version;","","juice.Selector = utils.Selector;","juice.Property = utils.Property;","juice.utils = utils;","","juice.ignoredPseudos = juiceClient.ignoredPseudos;","juice.widthElements = juiceClient.widthElements;","juice.tableElements = juiceClient.tableElements;","juice.nonVisualElements = juiceClient.nonVisualElements;","juice.styleToAttribute = juiceClient.styleToAttribute;","","juice.juiceDocument = juiceClient.juiceDocument;","juice.inlineDocument = juiceClient.inlineDocument;","juice.inlineContent = juiceClient.inlineContent;","","juice.juiceFile = juiceFile;","juice.juiceResources = juiceResources;","juice.inlineExternal = inlineExternal;","","juice.codeBlocks = cheerio.codeBlocks;","","function juiceFile(filePath, options, callback) {","  // set default options","  fs.readFile(filePath, 'utf8', function(err, content) {","    if (err) {","      return callback(err);","    }","    options = utils.getDefaultOptions(options); // so we can mutate options without guilt","    if (!options.webResources.relativeTo) {","      var rel = path.dirname(path.relative(process.cwd(),filePath));","      options.webResources.relativeTo = rel;","    }","    juiceResources(content, options, callback);","  });","}","","function inlineExternal(html, inlineOptions, callback) {","  var options = utils.extend({fileContent: html}, inlineOptions);","  inline.html(options, callback);","}","","function juiceResources(html, options, callback) {","  options = utils.getDefaultOptions(options);","","  var onInline = function(err, html) {","    if (err) {","      return callback(err);","    }","","    return callback(null,","      cheerio(html, { xmlMode: options && options.xmlMode}, juiceClient.juiceDocument, [options])","    );","  };","","  options.webResources.relativeTo = options.webResources.relativeTo || options.url; // legacy support","  inlineExternal(html, options.webResources, onInline);","}",""],"l":{"7":1,"8":1,"9":1,"10":1,"11":1,"12":1,"13":1,"14":1,"16":1,"18":1,"20":1,"21":1,"22":1,"24":1,"25":1,"26":1,"27":1,"28":1,"30":1,"31":1,"32":1,"34":1,"35":1,"36":1,"38":1,"40":1,"42":0,"43":0,"44":0,"46":0,"47":0,"48":0,"49":0,"51":0,"55":1,"56":0,"57":0,"60":1,"61":0,"63":0,"64":0,"65":0,"68":0,"73":0,"74":0}},"/home/travis/build/npmtest/node-npmtest-juice/node_modules/juice/lib/utils.js":{"path":"/home/travis/build/npmtest/node-npmtest-juice/node_modules/juice/lib/utils.js","s":{"1":1,"2":1,"3":1,"4":1,"5":1,"6":1,"7":1,"8":1,"9":0,"10":0,"11":0,"12":0,"13":0,"14":0,"15":0,"16":0,"17":0,"18":0,"19":0,"20":0,"21":0,"22":0,"23":0,"24":0,"25":0,"26":0,"27":0,"28":1,"29":0,"30":0,"31":0,"32":0,"33":0,"34":0,"35":0,"36":0,"37":0,"38":0,"39":1,"40":0,"41":0,"42":0,"43":0,"44":0,"45":0,"46":0,"47":0,"48":0,"49":0,"50":0,"51":1,"52":0,"53":1,"54":0,"55":0,"56":0,"57":0,"58":0,"59":0,"60":0,"61":0,"62":1,"63":0,"64":1,"65":0,"66":0,"67":0,"68":0,"69":1,"70":0,"71":0,"72":0},"b":{"1":[0,0],"2":[0,0],"3":[0,0],"4":[0,0],"5":[0,0],"6":[0,0],"7":[0,0],"8":[0,0,0,0],"9":[0,0],"10":[0,0],"11":[0,0],"12":[0,0],"13":[0,0],"14":[0,0],"15":[0,0],"16":[0,0,0,0],"17":[0,0],"18":[0,0],"19":[0,0],"20":[0,0],"21":[0,0],"22":[0,0]},"f":{"1":0,"2":0,"3":0,"4":0,"5":0,"6":0,"7":0,"8":0},"fnMap":{"1":{"name":"extract","line":24,"loc":{"start":{"line":24,"column":18},"end":{"line":24,"column":49}}},"2":{"name":"(anonymous_2)","line":62,"loc":{"start":{"line":62,"column":19},"end":{"line":62,"column":33}}},"3":{"name":"(anonymous_3)","line":89,"loc":{"start":{"line":89,"column":27},"end":{"line":89,"column":50}}},"4":{"name":"(anonymous_4)","line":112,"loc":{"start":{"line":112,"column":31},"end":{"line":112,"column":46}}},"5":{"name":"(anonymous_5)","line":126,"loc":{"start":{"line":126,"column":22},"end":{"line":126,"column":37}}},"6":{"name":"(anonymous_6)","line":137,"loc":{"start":{"line":137,"column":18},"end":{"line":137,"column":33}}},"7":{"name":"(anonymous_7)","line":141,"loc":{"start":{"line":141,"column":17},"end":{"line":141,"column":36}}},"8":{"name":"(anonymous_8)","line":150,"loc":{"start":{"line":150,"column":28},"end":{"line":150,"column":46}}}},"statementMap":{"1":{"start":{"line":7,"column":0},"end":{"line":7,"column":31}},"2":{"start":{"line":8,"column":0},"end":{"line":8,"column":28}},"3":{"start":{"line":9,"column":0},"end":{"line":9,"column":23}},"4":{"start":{"line":10,"column":0},"end":{"line":10,"column":37}},"5":{"start":{"line":11,"column":0},"end":{"line":11,"column":37}},"6":{"start":{"line":13,"column":0},"end":{"line":13,"column":28}},"7":{"start":{"line":14,"column":0},"end":{"line":14,"column":28}},"8":{"start":{"line":24,"column":0},"end":{"line":51,"column":2}},"9":{"start":{"line":25,"column":2},"end":{"line":25,"column":15}},"10":{"start":{"line":26,"column":2},"end":{"line":26,"column":16}},"11":{"start":{"line":27,"column":2},"end":{"line":27,"column":15}},"12":{"start":{"line":29,"column":2},"end":{"line":44,"column":3}},"13":{"start":{"line":30,"column":4},"end":{"line":30,"column":35}},"14":{"start":{"line":32,"column":4},"end":{"line":43,"column":5}},"15":{"start":{"line":33,"column":6},"end":{"line":33,"column":45}},"16":{"start":{"line":33,"column":36},"end":{"line":33,"column":43}},"17":{"start":{"line":34,"column":6},"end":{"line":34,"column":15}},"18":{"start":{"line":36,"column":6},"end":{"line":42,"column":7}},"19":{"start":{"line":37,"column":8},"end":{"line":37,"column":23}},"20":{"start":{"line":38,"column":8},"end":{"line":38,"column":17}},"21":{"start":{"line":40,"column":8},"end":{"line":40,"column":47}},"22":{"start":{"line":40,"column":38},"end":{"line":40,"column":45}},"23":{"start":{"line":41,"column":8},"end":{"line":41,"column":79}},"24":{"start":{"line":41,"column":68},"end":{"line":41,"column":77}},"25":{"start":{"line":46,"column":2},"end":{"line":48,"column":3}},"26":{"start":{"line":47,"column":4},"end":{"line":47,"column":19}},"27":{"start":{"line":50,"column":2},"end":{"line":50,"column":14}},"28":{"start":{"line":62,"column":0},"end":{"line":79,"column":2}},"29":{"start":{"line":63,"column":2},"end":{"line":63,"column":67}},"30":{"start":{"line":64,"column":2},"end":{"line":64,"column":112}},"31":{"start":{"line":65,"column":2},"end":{"line":65,"column":15}},"32":{"start":{"line":67,"column":2},"end":{"line":76,"column":3}},"33":{"start":{"line":68,"column":4},"end":{"line":75,"column":5}},"34":{"start":{"line":69,"column":6},"end":{"line":69,"column":26}},"35":{"start":{"line":70,"column":6},"end":{"line":70,"column":37}},"36":{"start":{"line":72,"column":6},"end":{"line":74,"column":7}},"37":{"start":{"line":73,"column":8},"end":{"line":73,"column":53}},"38":{"start":{"line":78,"column":2},"end":{"line":78,"column":13}},"39":{"start":{"line":89,"column":0},"end":{"line":110,"column":2}},"40":{"start":{"line":90,"column":2},"end":{"line":90,"column":67}},"41":{"start":{"line":91,"column":2},"end":{"line":91,"column":112}},"42":{"start":{"line":92,"column":2},"end":{"line":92,"column":21}},"43":{"start":{"line":93,"column":2},"end":{"line":93,"column":23}},"44":{"start":{"line":95,"column":2},"end":{"line":106,"column":3}},"45":{"start":{"line":96,"column":4},"end":{"line":104,"column":5}},"46":{"start":{"line":98,"column":6},"end":{"line":103,"column":8}},"47":{"start":{"line":105,"column":4},"end":{"line":105,"column":40}},"48":{"start":{"line":108,"column":2},"end":{"line":108,"column":43}},"49":{"start":{"line":108,"column":30},"end":{"line":108,"column":43}},"50":{"start":{"line":109,"column":2},"end":{"line":109,"column":46}},"51":{"start":{"line":112,"column":0},"end":{"line":114,"column":2}},"52":{"start":{"line":113,"column":2},"end":{"line":113,"column":60}},"53":{"start":{"line":126,"column":0},"end":{"line":135,"column":2}},"54":{"start":{"line":127,"column":2},"end":{"line":127,"column":41}},"55":{"start":{"line":128,"column":2},"end":{"line":132,"column":3}},"56":{"start":{"line":129,"column":4},"end":{"line":129,"column":36}},"57":{"start":{"line":129,"column":25},"end":{"line":129,"column":34}},"58":{"start":{"line":130,"column":4},"end":{"line":130,"column":34}},"59":{"start":{"line":130,"column":23},"end":{"line":130,"column":32}},"60":{"start":{"line":131,"column":4},"end":{"line":131,"column":14}},"61":{"start":{"line":134,"column":2},"end":{"line":134,"column":27}},"62":{"start":{"line":137,"column":0},"end":{"line":139,"column":2}},"63":{"start":{"line":138,"column":2},"end":{"line":138,"column":48}},"64":{"start":{"line":141,"column":0},"end":{"line":148,"column":2}},"65":{"start":{"line":142,"column":2},"end":{"line":146,"column":3}},"66":{"start":{"line":143,"column":4},"end":{"line":145,"column":5}},"67":{"start":{"line":144,"column":6},"end":{"line":144,"column":26}},"68":{"start":{"line":147,"column":2},"end":{"line":147,"column":13}},"69":{"start":{"line":150,"column":0},"end":{"line":167,"column":2}},"70":{"start":{"line":151,"column":2},"end":{"line":162,"column":14}},"71":{"start":{"line":164,"column":2},"end":{"line":164,"column":50}},"72":{"start":{"line":166,"column":2},"end":{"line":166,"column":16}}},"branchMap":{"1":{"line":32,"type":"if","locations":[{"start":{"line":32,"column":4},"end":{"line":32,"column":4}},{"start":{"line":32,"column":4},"end":{"line":32,"column":4}}]},"2":{"line":33,"type":"if","locations":[{"start":{"line":33,"column":6},"end":{"line":33,"column":6}},{"start":{"line":33,"column":6},"end":{"line":33,"column":6}}]},"3":{"line":33,"type":"binary-expr","locations":[{"start":{"line":33,"column":10},"end":{"line":33,"column":19}},{"start":{"line":33,"column":23},"end":{"line":33,"column":32}}]},"4":{"line":36,"type":"if","locations":[{"start":{"line":36,"column":6},"end":{"line":36,"column":6}},{"start":{"line":36,"column":6},"end":{"line":36,"column":6}}]},"5":{"line":40,"type":"if","locations":[{"start":{"line":40,"column":8},"end":{"line":40,"column":8}},{"start":{"line":40,"column":8},"end":{"line":40,"column":8}}]},"6":{"line":40,"type":"binary-expr","locations":[{"start":{"line":40,"column":12},"end":{"line":40,"column":21}},{"start":{"line":40,"column":25},"end":{"line":40,"column":34}}]},"7":{"line":41,"type":"if","locations":[{"start":{"line":41,"column":8},"end":{"line":41,"column":8}},{"start":{"line":41,"column":8},"end":{"line":41,"column":8}}]},"8":{"line":41,"type":"binary-expr","locations":[{"start":{"line":41,"column":12},"end":{"line":41,"column":22}},{"start":{"line":41,"column":27},"end":{"line":41,"column":36}},{"start":{"line":41,"column":40},"end":{"line":41,"column":50}},{"start":{"line":41,"column":54},"end":{"line":41,"column":63}}]},"9":{"line":46,"type":"if","locations":[{"start":{"line":46,"column":2},"end":{"line":46,"column":2}},{"start":{"line":46,"column":2},"end":{"line":46,"column":2}}]},"10":{"line":64,"type":"cond-expr","locations":[{"start":{"line":64,"column":83},"end":{"line":64,"column":106}},{"start":{"line":64,"column":109},"end":{"line":64,"column":111}}]},"11":{"line":64,"type":"binary-expr","locations":[{"start":{"line":64,"column":14},"end":{"line":64,"column":53}},{"start":{"line":64,"column":57},"end":{"line":64,"column":80}}]},"12":{"line":68,"type":"if","locations":[{"start":{"line":68,"column":4},"end":{"line":68,"column":4}},{"start":{"line":68,"column":4},"end":{"line":68,"column":4}}]},"13":{"line":91,"type":"cond-expr","locations":[{"start":{"line":91,"column":83},"end":{"line":91,"column":106}},{"start":{"line":91,"column":109},"end":{"line":91,"column":111}}]},"14":{"line":91,"type":"binary-expr","locations":[{"start":{"line":91,"column":14},"end":{"line":91,"column":53}},{"start":{"line":91,"column":57},"end":{"line":91,"column":80}}]},"15":{"line":96,"type":"if","locations":[{"start":{"line":96,"column":4},"end":{"line":96,"column":4}},{"start":{"line":96,"column":4},"end":{"line":96,"column":4}}]},"16":{"line":96,"type":"binary-expr","locations":[{"start":{"line":96,"column":9},"end":{"line":96,"column":26}},{"start":{"line":96,"column":30},"end":{"line":96,"column":59}},{"start":{"line":97,"column":9},"end":{"line":97,"column":29}},{"start":{"line":97,"column":33},"end":{"line":97,"column":58}}]},"17":{"line":108,"type":"if","locations":[{"start":{"line":108,"column":2},"end":{"line":108,"column":2}},{"start":{"line":108,"column":2},"end":{"line":108,"column":2}}]},"18":{"line":129,"type":"if","locations":[{"start":{"line":129,"column":4},"end":{"line":129,"column":4}},{"start":{"line":129,"column":4},"end":{"line":129,"column":4}}]},"19":{"line":130,"type":"if","locations":[{"start":{"line":130,"column":4},"end":{"line":130,"column":4}},{"start":{"line":130,"column":4},"end":{"line":130,"column":4}}]},"20":{"line":138,"type":"cond-expr","locations":[{"start":{"line":138,"column":42},"end":{"line":138,"column":43}},{"start":{"line":138,"column":46},"end":{"line":138,"column":47}}]},"21":{"line":143,"type":"if","locations":[{"start":{"line":143,"column":4},"end":{"line":143,"column":4}},{"start":{"line":143,"column":4},"end":{"line":143,"column":4}}]},"22":{"line":164,"type":"binary-expr","locations":[{"start":{"line":164,"column":24},"end":{"line":164,"column":43}},{"start":{"line":164,"column":47},"end":{"line":164,"column":49}}]}},"code":["'use strict';","","/**"," * Module dependencies."," */","","var mensch = require('mensch');","var own = {}.hasOwnProperty;","var os = require('os');","var Selector = require('./selector');","var Property = require('./property');","","exports.Selector = Selector;","exports.Property = Property;","","/**"," * Returns an array of the selectors."," *"," * @license Sizzle CSS Selector Engine - MIT"," * @param {String} selectorText from mensch"," * @api public"," */","","exports.extract = function extract(selectorText) {","  var attr = 0;","  var sels = [];","  var sel = '';","","  for (var i = 0, l = selectorText.length; i < l; i++) {","    var c = selectorText.charAt(i);","","    if (attr) {","      if (']' === c || ')' === c) { attr--; }","      sel += c;","    } else {","      if (',' === c) {","        sels.push(sel);","        sel = '';","      } else {","        if ('[' === c || '(' === c) { attr++; }","        if (sel.length || (c !== ',' && c !== '\\n' && c !== ' ')) { sel += c; }","      }","    }","  }","","  if (sel.length) {","    sels.push(sel);","  }","","  return sels;","};","","/**"," * Returns a parse tree for a CSS source."," * If it encounters multiple selectors separated by a comma, it splits the"," * tree."," *"," * @param {String} css source"," * @api public"," */","","exports.parseCSS = function(css) {","  var parsed = mensch.parse(css, {position: true, comments: true});","  var rules = typeof parsed.stylesheet != 'undefined' && parsed.stylesheet.rules ? parsed.stylesheet.rules : [];","  var ret = [];","","  for (var i = 0, l = rules.length; i < l; i++) {","    if (rules[i].type == 'rule') {","      var rule = rules[i];","      var selectors = rule.selectors;","","      for (var ii = 0, ll = selectors.length; ii < ll; ii++) {","        ret.push([selectors[ii], rule.declarations]);","      }","    }","  }","","  return ret;","};","","/**"," * Returns preserved text for a CSS source."," *"," * @param {String} css source"," * @param {Object} options"," * @api public"," */","","exports.getPreservedText = function(css, options) {","  var parsed = mensch.parse(css, {position: true, comments: true});","  var rules = typeof parsed.stylesheet != 'undefined' && parsed.stylesheet.rules ? parsed.stylesheet.rules : [];","  var preserved = [];","  var lastStart = null;","","  for (var i = rules.length - 1; i >= 0; i--) {","    if ((options.fontFaces && rules[i].type === 'font-face') ||","        (options.mediaQueries && rules[i].type === 'media')) {","      preserved.push(","        mensch.stringify(","          { stylesheet: { rules: [ rules[i] ] }},","          { comments: false, indentation: '  ' }","        )","      );","    }","    lastStart = rules[i].position.start;","  }","","  if (preserved.length === 0) return false;","  return os.EOL+preserved.join(os.EOL)+os.EOL;","};","","exports.normalizeLineEndings = function(text) {","  return text.replace(/\\r\\n/g, '\\n').replace(/\\n/g, '\\r\\n');","};","","","/**"," * Compares two specificity vectors, returning the winning one."," *"," * @param {Array} vector a"," * @param {Array} vector b"," * @return {Array}"," * @api public"," */","","exports.compareFunc = function(a, b) {","  var min = Math.min(a.length, b.length);","  for (var i = 0; i < min; i++) {","    if (a[i] === b[i]) { continue; }","    if (a[i] > b[i]) { return 1; }","    return -1;","  }","","  return a.length-b.length;","};","","exports.compare = function(a, b) {","  return exports.compareFunc(a, b) == 1 ? a : b;","};","","exports.extend = function(obj, src) {","  for (var key in src) {","    if (own.call(src, key)) {","      obj[key] = src[key];","    }","  }","  return obj;","};","","exports.getDefaultOptions = function(options) {","  var result = exports.extend({","    extraCss: '',","    insertPreservedExtraCss: true,","    applyStyleTags: true,","    removeStyleTags: true,","    preserveMediaQueries: true,","    preserveFontFaces: true,","    applyWidthAttributes: true,","    applyHeightAttributes: true,","    applyAttributesTableElements: true,","    url: ''","  }, options);","","  result.webResources = result.webResources || {};","","  return result;","};",""],"l":{"7":1,"8":1,"9":1,"10":1,"11":1,"13":1,"14":1,"24":1,"25":0,"26":0,"27":0,"29":0,"30":0,"32":0,"33":0,"34":0,"36":0,"37":0,"38":0,"40":0,"41":0,"46":0,"47":0,"50":0,"62":1,"63":0,"64":0,"65":0,"67":0,"68":0,"69":0,"70":0,"72":0,"73":0,"78":0,"89":1,"90":0,"91":0,"92":0,"93":0,"95":0,"96":0,"98":0,"105":0,"108":0,"109":0,"112":1,"113":0,"126":1,"127":0,"128":0,"129":0,"130":0,"131":0,"134":0,"137":1,"138":0,"141":1,"142":0,"143":0,"144":0,"147":0,"150":1,"151":0,"164":0,"166":0}},"/home/travis/build/npmtest/node-npmtest-juice/node_modules/juice/lib/selector.js":{"path":"/home/travis/build/npmtest/node-npmtest-juice/node_modules/juice/lib/selector.js","s":{"1":1,"2":1,"3":1,"4":0,"5":0,"6":0,"7":1,"8":0,"9":0,"10":0,"11":1,"12":0,"13":0,"14":0,"15":0,"16":1,"17":0,"18":0,"19":0,"20":0,"21":0,"22":0,"23":0,"24":0,"25":0,"26":0,"27":0,"28":0,"29":0,"30":0,"31":0,"32":0,"33":0,"34":0,"35":0,"36":0,"37":0,"38":0,"39":0,"40":0,"41":0,"42":1,"43":0,"44":0,"45":0},"b":{"1":[0,0],"2":[0,0],"3":[0,0],"4":[0,0],"5":[0,0],"6":[0,0],"7":[0,0],"8":[0,0],"9":[0,0],"10":[0,0],"11":[0,0],"12":[0,0]},"f":{"1":0,"2":0,"3":0,"4":0,"5":0},"fnMap":{"1":{"name":"Selector","line":15,"loc":{"start":{"line":15,"column":0},"end":{"line":15,"column":40}}},"2":{"name":"(anonymous_2)","line":27,"loc":{"start":{"line":27,"column":28},"end":{"line":27,"column":39}}},"3":{"name":"(anonymous_3)","line":38,"loc":{"start":{"line":38,"column":33},"end":{"line":38,"column":44}}},"4":{"name":"specificity","line":43,"loc":{"start":{"line":43,"column":2},"end":{"line":43,"column":37}}},"5":{"name":"parse","line":91,"loc":{"start":{"line":91,"column":0},"end":{"line":91,"column":21}}}},"statementMap":{"1":{"start":{"line":3,"column":0},"end":{"line":3,"column":37}},"2":{"start":{"line":5,"column":0},"end":{"line":5,"column":36}},"3":{"start":{"line":15,"column":0},"end":{"line":19,"column":1}},"4":{"start":{"line":16,"column":2},"end":{"line":16,"column":19}},"5":{"start":{"line":17,"column":2},"end":{"line":17,"column":24}},"6":{"start":{"line":18,"column":2},"end":{"line":18,"column":48}},"7":{"start":{"line":27,"column":0},"end":{"line":30,"column":2}},"8":{"start":{"line":28,"column":2},"end":{"line":28,"column":55}},"9":{"start":{"line":28,"column":22},"end":{"line":28,"column":53}},"10":{"start":{"line":29,"column":2},"end":{"line":29,"column":21}},"11":{"start":{"line":38,"column":0},"end":{"line":82,"column":2}},"12":{"start":{"line":39,"column":2},"end":{"line":39,"column":43}},"13":{"start":{"line":40,"column":2},"end":{"line":40,"column":72}},"14":{"start":{"line":40,"column":20},"end":{"line":40,"column":70}},"15":{"start":{"line":41,"column":2},"end":{"line":41,"column":19}},"16":{"start":{"line":43,"column":2},"end":{"line":81,"column":3}},"17":{"start":{"line":44,"column":4},"end":{"line":44,"column":44}},"18":{"start":{"line":45,"column":4},"end":{"line":45,"column":49}},"19":{"start":{"line":46,"column":4},"end":{"line":46,"column":18}},"20":{"start":{"line":48,"column":4},"end":{"line":73,"column":5}},"21":{"start":{"line":49,"column":6},"end":{"line":49,"column":38}},"22":{"start":{"line":50,"column":6},"end":{"line":50,"column":39}},"23":{"start":{"line":53,"column":6},"end":{"line":53,"column":39}},"24":{"start":{"line":53,"column":27},"end":{"line":53,"column":37}},"25":{"start":{"line":56,"column":6},"end":{"line":56,"column":77}},"26":{"start":{"line":56,"column":35},"end":{"line":56,"column":75}},"27":{"start":{"line":57,"column":6},"end":{"line":57,"column":75}},"28":{"start":{"line":57,"column":34},"end":{"line":57,"column":73}},"29":{"start":{"line":60,"column":6},"end":{"line":60,"column":66}},"30":{"start":{"line":60,"column":54},"end":{"line":60,"column":64}},"31":{"start":{"line":63,"column":6},"end":{"line":72,"column":7}},"32":{"start":{"line":64,"column":8},"end":{"line":64,"column":34}},"33":{"start":{"line":66,"column":8},"end":{"line":71,"column":9}},"34":{"start":{"line":67,"column":10},"end":{"line":70,"column":11}},"35":{"start":{"line":68,"column":12},"end":{"line":68,"column":40}},"36":{"start":{"line":69,"column":12},"end":{"line":69,"column":22}},"37":{"start":{"line":75,"column":4},"end":{"line":78,"column":5}},"38":{"start":{"line":76,"column":6},"end":{"line":76,"column":38}},"39":{"start":{"line":77,"column":6},"end":{"line":77,"column":54}},"40":{"start":{"line":77,"column":32},"end":{"line":77,"column":52}},"41":{"start":{"line":80,"column":4},"end":{"line":80,"column":16}},"42":{"start":{"line":91,"column":0},"end":{"line":97,"column":1}},"43":{"start":{"line":92,"column":2},"end":{"line":96,"column":3}},"44":{"start":{"line":93,"column":4},"end":{"line":93,"column":27}},"45":{"start":{"line":95,"column":4},"end":{"line":95,"column":14}}},"branchMap":{"1":{"line":18,"type":"binary-expr","locations":[{"start":{"line":18,"column":24},"end":{"line":18,"column":38}},{"start":{"line":18,"column":42},"end":{"line":18,"column":47}}]},"2":{"line":28,"type":"if","locations":[{"start":{"line":28,"column":2},"end":{"line":28,"column":2}},{"start":{"line":28,"column":2},"end":{"line":28,"column":2}}]},"3":{"line":40,"type":"if","locations":[{"start":{"line":40,"column":2},"end":{"line":40,"column":2}},{"start":{"line":40,"column":2},"end":{"line":40,"column":2}}]},"4":{"line":44,"type":"binary-expr","locations":[{"start":{"line":44,"column":22},"end":{"line":44,"column":28}},{"start":{"line":44,"column":32},"end":{"line":44,"column":43}}]},"5":{"line":45,"type":"cond-expr","locations":[{"start":{"line":45,"column":33},"end":{"line":45,"column":34}},{"start":{"line":45,"column":37},"end":{"line":45,"column":38}}]},"6":{"line":53,"type":"if","locations":[{"start":{"line":53,"column":6},"end":{"line":53,"column":6}},{"start":{"line":53,"column":6},"end":{"line":53,"column":6}}]},"7":{"line":56,"type":"if","locations":[{"start":{"line":56,"column":6},"end":{"line":56,"column":6}},{"start":{"line":56,"column":6},"end":{"line":56,"column":6}}]},"8":{"line":57,"type":"if","locations":[{"start":{"line":57,"column":6},"end":{"line":57,"column":6}},{"start":{"line":57,"column":6},"end":{"line":57,"column":6}}]},"9":{"line":60,"type":"if","locations":[{"start":{"line":60,"column":6},"end":{"line":60,"column":6}},{"start":{"line":60,"column":6},"end":{"line":60,"column":6}}]},"10":{"line":60,"type":"binary-expr","locations":[{"start":{"line":60,"column":10},"end":{"line":60,"column":24}},{"start":{"line":60,"column":28},"end":{"line":60,"column":50}}]},"11":{"line":63,"type":"if","locations":[{"start":{"line":63,"column":6},"end":{"line":63,"column":6}},{"start":{"line":63,"column":6},"end":{"line":63,"column":6}}]},"12":{"line":67,"type":"if","locations":[{"start":{"line":67,"column":10},"end":{"line":67,"column":10}},{"start":{"line":67,"column":10},"end":{"line":67,"column":10}}]}},"code":["'use strict';","","var parser = require('slick/parser');","","module.exports = exports = Selector;","","/**"," * CSS selector constructor."," *"," * @param {String} selector text"," * @param {Array} optionally, precalculated specificity"," * @api public"," */","","function Selector(text, styleAttribute) {","  this.text = text;","  this.spec = undefined;","  this.styleAttribute = styleAttribute || false;","}","","/**"," * Get parsed selector."," *"," * @
[...]
handleRule);","  editedElements.forEach(setStyleAttrs);","","  if (options.inlinePseudoElements) {","    editedElements.forEach(inlinePseudoElements);","  }","","  if (options.applyWidthAttributes) {","    editedElements.forEach(function(el) {","      setDimensionAttrs(el, 'width');","    });","  }","","  if (options.applyHeightAttributes) {","    editedElements.forEach(function(el) {","      setDimensionAttrs(el, 'height');","    });","  }","","  if (options.applyAttributesTableElements) {","    editedElements.forEach(setAttributesOnTableElements);","  }","","  if (options.insertPreservedExtraCss && options.extraCss) {","    var preservedText = utils.getPreservedText(options.extraCss, {","      mediaQueries: options.preserveMediaQueries,","      fontFaces: options.preserveFontFaces","    });","    if (preservedText) {","      var $appendTo = null;","      if (options.insertPreservedExtraCss !== true) {","        $appendTo = $(options.insertPreservedExtraCss);","      } else {","        $appendTo = $('head');","        if (!$appendTo.length) { $appendTo = $('body'); }","        if (!$appendTo.length) { $appendTo = $.root(); }","      }","","      $appendTo.first().append('<style>' + preservedText + '</style>');","    }","  }","","  function handleRule(rule) {","    var sel = rule[0];","    var style = rule[1];","    var selector = new utils.Selector(sel);","    var parsedSelector = selector.parsed();","    var pseudoElementType = getPseudoElementType(parsedSelector);","","    // skip rule if the selector has any pseudos which are ignored","    for (var i = 0; i < parsedSelector.length; ++i) {","      var subSel = parsedSelector[i];","      if (subSel.pseudos) {","        for (var j = 0; j < subSel.pseudos.length; ++j) {","          var subSelPseudo = subSel.pseudos[j];","          if (juiceClient.ignoredPseudos.indexOf(subSelPseudo.name) >= 0) {","            return;","          }","        }","      }","    }","","    if (pseudoElementType) {","      var last = parsedSelector[parsedSelector.length - 1];","      var pseudos = last.pseudos;","      last.pseudos = filterElementPseudos(last.pseudos);","      sel = parsedSelector.toString();","      last.pseudos = pseudos;","    }","","    var els;","    try {","      els = $(sel);","    } catch (err) {","      // skip invalid selector","      return;","    }","","    els.each(function() {","      var el = this;","","      if (el.name && juiceClient.nonVisualElements.indexOf(el.name.toUpperCase()) >= 0) {","        return;","      }","","      if (pseudoElementType) {","        var pseudoElPropName = 'pseudo' + pseudoElementType;","        var pseudoEl = el[pseudoElPropName];","        if (!pseudoEl) {","          pseudoEl = el[pseudoElPropName] = $('<span />').get(0);","          pseudoEl.pseudoElementType = pseudoElementType;","          pseudoEl.pseudoElementParent = el;","          el[pseudoElPropName] = pseudoEl;","        }","        el = pseudoEl;","      }","","      if (!el.styleProps) {","        el.styleProps = {};","","        // if the element has inline styles, fake selector with topmost specificity","        if ($(el).attr(styleAttributeName)) {","          var cssText = '* { ' + $(el).attr(styleAttributeName) + ' } ';","          addProps(utils.parseCSS(cssText)[0][1], new utils.Selector('<style>', true));","        }","","        // store reference to an element we need to compile style=\"\" attr for","        editedElements.push(el);","      }","","      // go through the properties","      function addProps(style, selector) {","        for (var i = 0, l = style.length; i < l; i++) {","          if (style[i].type == 'property') {","            var name = style[i].name;","            var value = style[i].value;","            var important = style[i].value.match(/!important$/) !== null;","            if (important && !options.preserveImportant) value = value.replace(/\\s*!important$/, '');","            // adds line number and column number for the properties as \"additionalPriority\" to the","            // properties because in CSS the position directly affect the priority.","            var additionalPriority = [style[i].position.start.line, style[i].position.start.col];","            var prop = new utils.Property(name, value, selector, important ? 2 : 0, additionalPriority);","            var existing = el.styleProps[name];","","            // if property name is not in the excluded properties array","            if (juiceClient.excludedProperties.indexOf(name) < 0) {","              if (existing && existing.compare(prop) === prop || !existing) {","                // deleting a property let us change the order (move it to the end in the setStyleAttrs loop)","                if (existing && existing.selector !== selector) {","                  delete el.styleProps[name];","                } else if (existing) {","                  // make \"prop\" a special composed property.","                  prop.nextProp = existing;","                }","","                el.styleProps[name] = prop;","              }","            }","          }","        }","      }","","      addProps(style, selector);","    });","  }","","  function setStyleAttrs(el) {","    var l = Object.keys(el.styleProps).length;","    var props = [];","    // Here we loop each property and make sure to \"expand\"","    // linked \"nextProp\" properties happening when the same property","    // is declared multiple times in the same selector.","    Object.keys(el.styleProps).forEach(function(key) {","      var np = el.styleProps[key];","      while (typeof np !== 'undefined') {","        props.push(np);","        np = np.nextProp;","      }","    });","    // sort properties by their originating selector's specificity so that","    // props like \"padding\" and \"padding-bottom\" are resolved as expected.","    props.sort(function(a, b) {","      return a.compareFunc(b);","    });","    var string = props","      .filter(function(prop) {","        // Content becomes the innerHTML of pseudo elements, not used as a","        // style property","        return prop.prop !== 'content';","      })","      .map(function(prop) {","        return prop.prop + ': ' + prop.value.replace(/[\"]/g, '\\'') + ';';","      })","      .join(' ');","    if (string) {","      $(el).attr(styleAttributeName, string);","    }","  }","","  function inlinePseudoElements(el) {","    if (el.pseudoElementType && el.styleProps.content) {","      var parsed = parseContent(el.styleProps.content.value);","      if (parsed.img) {","        el.name = 'img';","        $(el).attr('src', parsed.img);","      } else {","        $(el).text(parsed);","      }","      var parent = el.pseudoElementParent;","      if (el.pseudoElementType === 'before') {","        $(parent).prepend(el);","      } else {","        $(parent).append(el);","      }","    }","  }","","  function setDimensionAttrs(el, dimension) {","    if (!el.name) { return; }","    var elName = el.name.toUpperCase();","    if (juiceClient[dimension + 'Elements'].indexOf(elName) > -1) {","      for (var i in el.styleProps) {","        if (el.styleProps[i].prop === dimension) {","          if (el.styleProps[i].value.match(/px/)) {","            var pxSize = el.styleProps[i].value.replace('px', '');","            $(el).attr(dimension, pxSize);","            return;","          }","          if (juiceClient.tableElements.indexOf(elName) > -1 && el.styleProps[i].value.match(/\\%/)) {","            $(el).attr(dimension, el.styleProps[i].value);","            return;","          }","        }","      }","    }","  }","","  function setAttributesOnTableElements(el) {","    if (!el.name) { return; }","    var elName = el.name.toUpperCase();","    var styleProps = Object.keys(juiceClient.styleToAttribute);","","    if (juiceClient.tableElements.indexOf(elName) > -1) {","      for (var i in el.styleProps) {","        if (styleProps.indexOf(el.styleProps[i].prop) > -1) {","          $(el).attr(juiceClient.styleToAttribute[el.styleProps[i].prop], el.styleProps[i].value);","        }","      }","    }","  }","}","","function parseContent(content) {","  if (content === 'none' || content === 'normal') {","    return '';","  }","","  var imageUrlMatch = content.match(/^\\s*url\\s*\\(\\s*(.*?)\\s*\\)\\s*$/i);","  if (imageUrlMatch) {","    var url = imageUrlMatch[1].replace(/^['\"]|['\"]$/g, '');","    return { img: url };","  }","","  // Naive parsing, assume well-formed value","  content = content.slice(1, content.length - 1);","  // Naive unescape, assume no unicode char codes","  content = content.replace(/\\\\/g, '');","  return content;","}","","// Return \"before\" or \"after\" if the given selector is a pseudo element (e.g.,","// a::after).","function getPseudoElementType(selector) {","  if (selector.length === 0) {","    return;","  }","","  var pseudos = selector[selector.length - 1].pseudos;","  if (!pseudos) {","    return;","  }","","  for (var i = 0; i < pseudos.length; i++) {","    if (isPseudoElementName(pseudos[i])) {","      return pseudos[i].name;","    }","  }","}","","function isPseudoElementName(pseudo) {","  return pseudo.name === 'before' || pseudo.name === 'after';","}","","function filterElementPseudos(pseudos) {","  return pseudos.filter(function(pseudo) {","    return !isPseudoElementName(pseudo);","  });","}","","function juiceDocument($, options) {","  options = utils.getDefaultOptions(options);","  var css = extractCssFromDocument($, options);","  css += '\\n' + options.extraCss;","  inlineDocument($, css, options);","  return $;","}","","function getStylesData($, options) {","  var results = [];","  var stylesList = $('style');","  var styleDataList, styleData, styleElement;","  stylesList.each(function() {","    styleElement = this;","    styleDataList = styleElement.childNodes;","    if (styleDataList.length !== 1) {","      return;","    }","    styleData = styleDataList[0].data;","    if (options.applyStyleTags && $(styleElement).attr('data-embed') === undefined) {","      results.push(styleData);","    }","    if (options.removeStyleTags && $(styleElement).attr('data-embed') === undefined) {","      var preservedText = utils.getPreservedText(styleElement.childNodes[0].nodeValue, {","        mediaQueries: options.preserveMediaQueries,","        fontFaces: options.preserveFontFaces","      });","      if (preservedText) {","        styleElement.childNodes[0].nodeValue = preservedText;","      } else {","        $(styleElement).remove();","      }","    }","    $(styleElement).removeAttr('data-embed');","  });","  return results;","}","","function extractCssFromDocument($, options) {","  var results = getStylesData($, options);","  var css = results.join('\\n');","  return css;","}","","return juiceClient;","","};",""],"l":{"3":1,"5":1,"7":1,"8":1,"9":1,"10":1,"11":1,"12":1,"18":1,"20":1,"21":1,"23":1,"25":0,"26":0,"27":0,"28":0,"30":0,"31":0,"34":0,"35":0,"37":0,"38":0,"41":0,"42":0,"43":0,"47":0,"48":0,"49":0,"53":0,"54":0,"57":0,"58":0,"62":0,"63":0,"64":0,"65":0,"67":0,"68":0,"69":0,"72":0,"76":1,"77":0,"78":0,"79":0,"80":0,"81":0,"84":0,"85":0,"86":0,"87":0,"88":0,"89":0,"90":0,"96":0,"97":0,"98":0,"99":0,"100":0,"101":0,"104":0,"105":0,"106":0,"109":0,"112":0,"113":0,"115":0,"116":0,"119":0,"120":0,"121":0,"122":0,"123":0,"124":0,"125":0,"126":0,"128":0,"131":0,"132":0,"135":0,"136":0,"137":0,"141":0,"145":1,"146":0,"147":0,"148":0,"149":0,"150":0,"151":0,"154":0,"155":0,"156":0,"159":0,"160":0,"162":0,"163":0,"164":0,"166":0,"169":0,"176":0,"180":1,"181":0,"182":0,"186":0,"187":0,"188":0,"189":0,"190":0,"195":0,"196":0,"198":0,"202":0,"205":0,"208":0,"209":0,"213":1,"214":0,"215":0,"216":0,"217":0,"218":0,"220":0,"222":0,"223":0,"224":0,"226":0,"231":1,"232":0,"233":0,"234":0,"235":0,"236":0,"237":0,"238":0,"239":0,"240":0,"242":0,"243":0,"244":0,"251":1,"252":0,"253":0,"254":0,"256":0,"257":0,"258":0,"259":0,"266":1,"267":0,"268":0,"271":0,"272":0,"273":0,"274":0,"278":0,"280":0,"281":0,"286":1,"287":0,"288":0,"291":0,"292":0,"293":0,"296":0,"297":0,"298":0,"303":1,"304":0,"307":1,"308":0,"309":0,"313":1,"314":0,"315":0,"316":0,"317":0,"318":0,"321":1,"322":0,"323":0,"324":0,"325":0,"326":0,"327":0,"328":0,"329":0,"331":0,"332":0,"333":0,"335":0,"336":0,"340":0,"341":0,"343":0,"346":0,"348":0,"351":1,"352":0,"353":0,"354":0,"357":1}},"/home/travis/build/npmtest/node-npmtest-juice/node_modules/juice/lib/cli.js":{"path":"/home/travis/build/npmtest/node-npmtest-juice/node_modules/juice/lib/cli.js","s":{"1":1,"2":1,"3":1,"4":1,"5":1,"6":0,"7":0,"8":0,"9":0,"10":0,"11":0,"12":1,"13":1,"14":0,"15":0,"16":0,"17":0,"18":0,"19":0,"20":0,"21":0,"22":0,"23":0,"24":0},"b":{"1":[0,0],"2":[0,0],"3":[0,0],"4":[0,0]},"f":{"1":0,"2":0,"3":0,"4":0},"fnMap":{"1":{"name":"(anonymous_1)","line":10,"loc":{"start":{"line":10,"column":17},"end":{"line":10,"column":28}}},"2":{"name":"(anonymous_2)","line":16,"loc":{"start":{"line":16,"column":35},"end":{"line":16,"column":49}}},"3":{"name":"(anonymous_3)","line":117,"loc":{"start":{"line":117,"column":20},"end":{"line":117,"column":38}}},"4":{"name":"(anonymous_4)","line":119,"loc":{"start":{"line":119,"column":35},"end":{"line":119,"column":49}}}},"statementMap":{"1":{"start":{"line":3,"column":0},"end":{"line":3,"column":35}},"2":{"start":{"line":4,"column":0},"end":{"line":4,"column":32}},"3":{"start":{"line":6,"column":0},"end":{"line":6,"column":13}},"4":{"start":{"line":8,"column":0},"end":{"line":8,"column":21}},"5":{"start":{"line":10,"column":0},"end":{"line":23,"column":2}},"6":{"start":{"line":11,"column":2},"end":{"line":11,"column":26}},"7":{"start":{"line":13,"column":2},"end":{"line":14,"column":47}},"8":{"start":{"line":16,"column":2},"end":{"line":18,"column":5}},"9":{"start":{"line":17,"column":4},"end":{"line":17,"column":66}},"10":{"start":{"line":20,"column":2},"end":{"line":20,"column":30}},"11":{"start":{"line":22,"column":2},"end":{"line":22,"column":17}},"12":{"start":{"line":25,"column":0},"end":{"line":115,"column":2}},"13":{"start":{"line":117,"column":0},"end":{"line":136,"column":2}},"14":{"start":{"line":118,"column":2},"end":{"line":118,"column":36}},"15":{"start":{"line":119,"column":2},"end":{"line":133,"column":5}},"16":{"start":{"line":120,"column":4},"end":{"line":120,"column":34}},"17":{"start":{"line":121,"column":4},"end":{"line":121,"column":37}},"18":{"start":{"line":122,"column":4},"end":{"line":132,"column":5}},"19":{"start":{"line":123,"column":6},"end":{"line":125,"column":7}},"20":{"start":{"line":124,"column":8},"end":{"line":124,"column":39}},"21":{"start":{"line":127,"column":6},"end":{"line":131,"column":7}},"22":{"start":{"line":128,"column":8},"end":{"line":128,"column":48}},"23":{"start":{"line":130,"column":8},"end":{"line":130,"column":50}},"24":{"start":{"line":135,"column":2},"end":{"line":135,"column":16}}},"branchMap":{"1":{"line":122,"type":"if","locations":[{"start":{"line":122,"column":4},"end":{"line":122,"column":4}},{"start":{"line":122,"column":4},"end":{"line":122,"column":4}}]},"2":{"line":123,"type":"if","locations":[{"start":{"line":123,"column":6},"end":{"line":123,"column":6}},{"start":{"line":123,"column":6},"end":{"line":123,"column":6}}]},"3":{"line":127,"type":"if","locations":[{"start":{"line":127,"column":6},"end":{"line":127,"column":6}},{"start":{"line":127,"column":6},"end":{"line":127,"column":6}}]},"4":{"line":130,"type":"binary-expr","locations":[{"start":{"line":130,"column":15},"end":{"line":130,"column":25}},{"start":{"line":130,"column":29},"end":{"line":130,"column":40}}]}},"code":["'use strict';","","var program = require('commander');","var pkg = require('../package');","","var cli = {};","","module.exports = cli;","","cli.getProgram = function() {","  program.name = pkg.name;","","  program.version(pkg.version)","    .usage('[options] input.html output.html');","","  Object.keys(cli.options).forEach(function(key) {","    program.option('--' + key + ' [value]', cli.options[key].def);","  });","","  program.parse(process.argv);","","  return program;","};","","cli.options = {","  'css': {","    pMap: 'css',","    map: 'cssFile',","    def: 'Add an extra CSS file by name' },","  'options-file': {","    pMap: 'optionsFile',","    def: 'Load options from a JSON file' },","  'extra-css': {","    pMap: 'extraCss',","    def: 'Add extra CSS' },","  'insert-preserved-extra-css': {","    pMap: 'insertPreservedExtraCss',","    def: 'insert preserved @font-face and @media into document?',","    coercion: JSON.parse },","  'apply-style-tags': {","    pMap: 'applyStyleTags',","    def: 'inline from style tags?',","    coercion: JSON.parse },","  'remove-style-tags': {","    pMap: 'removeStyleTags',","    def: 'remove style tags?',","    coercion: JSON.parse },","  'preserve-media-queries': {","    pMap: 'preserveMediaQueries',","    def: 'preserve media queries?',","    coercion: JSON.parse },","  'preserve-font-faces': {","    pMap: 'preserveFontFaces',","    def: 'preserve media queries?',","    coercion: JSON.parse },","  'apply-width-attributes': {","    pMap: 'applyWidthAttributes',","    def: 'apply width attributes to relevent elements?',","    coercion: JSON.parse },","  'apply-height-attributes': {","    pMap: 'applyHeightAttributes',","    def: 'apply width attributes to relevent elements?',","    coercion: JSON.parse },","  'apply-attributes-table-elements': {","    pMap: 'applyAttributesTableElements',","    def: 'apply attributes with and equivalent CSS value to table elements?',","    coercion: JSON.parse },","  'xml-mode': {","    pMap: 'xmlMode',","    def: 'generate output with tags closed?  input must be valid XML',","    coercion: JSON.parse },","  'web-resources-inline-attribute': {","    pMap: 'webResourcesInlineAttribute',","    map: 'inlineAttribute',","    def: 'see docs for web-resource-inliner inlineAttribute',","    coercion: JSON.parse },","  'web-resources-images': {","    pMap: 'webResourcesImages',","    map: 'images',","    def: 'see docs for web-resource-inliner images',","    coercion: JSON.parse },","  'web-resources-links': {","    pMap: 'webResourcesLinks',","    map: 'links',","    def: 'see docs for web-resource-inliner links',","    coercion: JSON.parse },","  'web-resources-scripts': {","    pMap: 'webResourcesScripts',","    map: 'scripts',","    def: 'see docs for web-resource-inliner scripts',","    coercion: JSON.parse },","  'web-resources-relative-to': {","    pMap: 'webResourcesRelativeTo',","    map: 'relativeTo',","    def: 'see docs for web-resource-inliner relativeTo' },","  'web-resources-rebase-relative-to': {","    pMap: 'webResourcesRebaseRelativeTo',","    map: 'rebaseRelativeTo',","    def: 'see docs for web-resource-inliner rebaseRelativeTo' },","  'web-resources-cssmin': {","    pMap: 'webResourcesCssmin',","    map: 'cssmin',","    def: 'see docs for web-resource-inliner cssmin',","    coercion: JSON.parse },","  'web-resources-uglify': {","    pMap: 'webResourcesUglify',","    map: 'uglify',","    def: 'see docs for web-resource-inliner uglify',","    coercion: JSON.parse },","  'web-resources-strict': {","    pMap: 'webResourcesStrict',","    map: 'strict',","    def: 'see docs for web-resource-inliner strict',","    coercion: JSON.parse }","};","","cli.argsToOptions = function(program) {","  var result = { webResources: {} };","  Object.keys(cli.options).forEach(function(key) {","    var option = cli.options[key];","    var value = program[option.pMap];","    if (value !== undefined) {","      if (option.coercion) {","        value = option.coercion(value);","      }","","      if (option.pMap.match(/webResources/)) {","        result.webResources[option.map] = value;","      } else {","        result[option.map || option.pMap] = value;","      }","    }","  });","","  return result;","};",""],"l":{"3":1,"4":1,"6":1,"8":1,"10":1,"11":0,"13":0,"16":0,"17":0,"20":0,"22":0,"25":1,"117":1,"118":0,"119":0,"120":0,"121":0,"122":0,"123":0,"124":0,"127":0,"128":0,"130":0,"135":0}}}